[18:45:53.149] Global cache location '/home/xanadu/.cache/typescript/4.5', safe file path '/home/xanadu/.emacs.d/.cache/lsp/npm/typescript/lib/node_modules/typescript/lib/typingSafeList.json', types map path /home/xanadu/.emacs.d/.cache/lsp/npm/typescript/lib/node_modules/typescript/lib/typesMap.json
[18:45:53.229] Processing cache location '/home/xanadu/.cache/typescript/4.5'
[18:45:53.229] Trying to find '/home/xanadu/.cache/typescript/4.5/package.json'...
[18:45:53.333] Loaded content of '/home/xanadu/.cache/typescript/4.5/package.json': {"private":true,"dependencies":{"types-registry":"^0.1.577"},"devDependencies":{"@types/history":"^4.7.9","@types/object-assign":"^4.0.30","@types/prop-types":"^15.7.4","@types/qrcode.react":"^1.0.2","@types/react":"^17.0.38","@types/react-router":"^5.1.17","@types/react-router-dom":"^5.3.2"}}
[18:45:53.333] Loaded content of '/home/xanadu/.cache/typescript/4.5/package-lock.json'
[18:45:53.439] Adding entry into typings cache: 'history' => '/home/xanadu/.cache/typescript/4.5/node_modules/@types/history/index.d.ts'
[18:45:53.544] Adding entry into typings cache: 'object-assign' => '/home/xanadu/.cache/typescript/4.5/node_modules/@types/object-assign/index.d.ts'
[18:45:53.738] Adding entry into typings cache: 'prop-types' => '/home/xanadu/.cache/typescript/4.5/node_modules/@types/prop-types/index.d.ts'
[18:45:53.972] Adding entry into typings cache: 'qrcode.react' => '/home/xanadu/.cache/typescript/4.5/node_modules/@types/qrcode.react/index.d.ts'
[18:45:54.115] Adding entry into typings cache: 'react' => '/home/xanadu/.cache/typescript/4.5/node_modules/@types/react/index.d.ts'
[18:45:54.282] Adding entry into typings cache: 'react-router' => '/home/xanadu/.cache/typescript/4.5/node_modules/@types/react-router/index.d.ts'
[18:45:54.371] Adding entry into typings cache: 'react-router-dom' => '/home/xanadu/.cache/typescript/4.5/node_modules/@types/react-router-dom/index.d.ts'
[18:45:54.371] Finished processing cache location '/home/xanadu/.cache/typescript/4.5'
[18:45:54.371] Process id: 1943
[18:45:54.371] NPM location: /usr/bin/npm (explicit '--npmLocation' not  provided)
[18:45:54.371] validateDefaultNpmLocation: false
[18:45:54.372] Npm config file: /home/xanadu/.cache/typescript/4.5/package.json
[18:45:54.372] Updating types-registry npm package...
[18:45:54.372] Exec: /usr/bin/npm install --ignore-scripts types-registry@latest
[18:46:03.687]     Succeeded. stdout:
    
    changed 1 package, and audited 11 packages in 9s

found 0 vulnerabilities

[18:46:03.687] Updated types-registry npm package
[18:46:17.119] Got install request {"projectName":"/dev/null/inferredProject1*","fileNames":["/home/xanadu/.emacs.d/.cache/lsp/npm/typescript/lib/node_modules/typescript/lib/lib.es5.d.ts","/home/xanadu/.emacs.d/.cache/lsp/npm/typescript/lib/node_modules/typescript/lib/lib.es2015.d.ts","/home/xanadu/.emacs.d/.cache/lsp/npm/typescript/lib/node_modules/typescript/lib/lib.es2016.d.ts","/home/xanadu/.emacs.d/.cache/lsp/npm/typescript/lib/node_modules/typescript/lib/lib.dom.d.ts","/home/xanadu/.emacs.d/.cache/lsp/npm/typescript/lib/node_modules/typescript/lib/lib.dom.iterable.d.ts","/home/xanadu/.emacs.d/.cache/lsp/npm/typescript/lib/node_modules/typescript/lib/lib.webworker.importscripts.d.ts","/home/xanadu/.emacs.d/.cache/lsp/npm/typescript/lib/node_modules/typescript/lib/lib.scripthost.d.ts","/home/xanadu/.emacs.d/.cache/lsp/npm/typescript/lib/node_modules/typescript/lib/lib.es2015.core.d.ts","/home/xanadu/.emacs.d/.cache/lsp/npm/typescript/lib/node_modules/typescript/lib/lib.es2015.collection.d.ts","/home/xanadu/.emacs.d/.cache/lsp/npm/typescript/lib/node_modules/typescript/lib/lib.es2015.generator.d.ts","/home/xanadu/.emacs.d/.cache/lsp/npm/typescript/lib/node_modules/typescript/lib/lib.es2015.iterable.d.ts","/home/xanadu/.emacs.d/.cache/lsp/npm/typescript/lib/node_modules/typescript/lib/lib.es2015.promise.d.ts","/home/xanadu/.emacs.d/.cache/lsp/npm/typescript/lib/node_modules/typescript/lib/lib.es2015.proxy.d.ts","/home/xanadu/.emacs.d/.cache/lsp/npm/typescript/lib/node_modules/typescript/lib/lib.es2015.reflect.d.ts","/home/xanadu/.emacs.d/.cache/lsp/npm/typescript/lib/node_modules/typescript/lib/lib.es2015.symbol.d.ts","/home/xanadu/.emacs.d/.cache/lsp/npm/typescript/lib/node_modules/typescript/lib/lib.es2015.symbol.wellknown.d.ts","/home/xanadu/.emacs.d/.cache/lsp/npm/typescript/lib/node_modules/typescript/lib/lib.es2016.array.include.d.ts","/home/xanadu/.emacs.d/.cache/lsp/npm/typescript/lib/node_modules/typescript/lib/lib.es2016.full.d.ts","/home/xanadu/url-shortner/main.go"],"compilerOptions":{"module":1,"target":3,"jsx":1,"allowJs":true,"allowSyntheticDefaultImports":true,"allowNonTsExtensions":true,"noEmitForJsFiles":true,"maxNodeModuleJsDepth":2},"typeAcquisition":{"enable":true,"include":[],"exclude":[]},"unresolvedImports":["context"],"projectRootPath":"/home/xanadu/url-shortner","kind":"discover"}
[18:46:17.298] Loaded safelist from types map file '/home/xanadu/.emacs.d/.cache/lsp/npm/typescript/lib/node_modules/typescript/lib/typesMap.json'
[18:46:17.300] Explicitly included types: []
[18:46:17.301] Inferred typings from unresolved imports: ["context"]
[18:46:17.301] Result: {"cachedTypingPaths":[],"newTypingNames":["context"],"filesToWatch":["/home/xanadu/url-shortner/bower_components","/home/xanadu/url-shortner/node_modules"]}
[18:46:17.301] Finished typings discovery: {"cachedTypingPaths":[],"newTypingNames":["context"],"filesToWatch":["/home/xanadu/url-shortner/bower_components","/home/xanadu/url-shortner/node_modules"]}
[18:46:17.301] DirectoryWatcher:: Added:: WatchInfo: /home/xanadu/url-shortner/bower_components
[18:46:17.302] DirectoryWatcher:: Added:: WatchInfo: /home/xanadu/url-shortner/bower_components 1 undefined Project: /dev/null/inferredProject1* watcher already invoked: false
[18:46:17.309] Elapsed:: 7.0398649999988265ms DirectoryWatcher:: Added:: WatchInfo: /home/xanadu/url-shortner/bower_components 1 undefined Project: /dev/null/inferredProject1* watcher already invoked: false
[18:46:17.309] DirectoryWatcher:: Added:: WatchInfo: /home/xanadu/url-shortner/node_modules
[18:46:17.309] DirectoryWatcher:: Added:: WatchInfo: /home/xanadu/url-shortner/node_modules 1 undefined Project: /dev/null/inferredProject1* watcher already invoked: false
[18:46:17.309] Elapsed:: 0.09706000000005588ms DirectoryWatcher:: Added:: WatchInfo: /home/xanadu/url-shortner/node_modules 1 undefined Project: /dev/null/inferredProject1* watcher already invoked: false
[18:46:17.309] Installing typings ["context"]
[18:46:17.309] 'context':: Entry for package 'context' does not exist in local types registry - skipping...
[18:46:17.309] All typings are known to be missing or invalid - no need to install more typings
[18:46:17.309] Sending response:
    {"projectName":"/dev/null/inferredProject1*","typeAcquisition":{"enable":true,"include":[],"exclude":[]},"compilerOptions":{"module":1,"target":3,"jsx":1,"allowJs":true,"allowSyntheticDefaultImports":true,"allowNonTsExtensions":true,"noEmitForJsFiles":true,"maxNodeModuleJsDepth":2},"typings":[],"unresolvedImports":["context"],"kind":"action::set"}
[18:46:17.310] Response has been sent.
[18:47:39.606] Got install request {"projectName":"/dev/null/inferredProject2*","fileNames":["/home/xanadu/.emacs.d/.cache/lsp/npm/typescript/lib/node_modules/typescript/lib/lib.es5.d.ts","/home/xanadu/.emacs.d/.cache/lsp/npm/typescript/lib/node_modules/typescript/lib/lib.es2015.d.ts","/home/xanadu/.emacs.d/.cache/lsp/npm/typescript/lib/node_modules/typescript/lib/lib.es2016.d.ts","/home/xanadu/.emacs.d/.cache/lsp/npm/typescript/lib/node_modules/typescript/lib/lib.dom.d.ts","/home/xanadu/.emacs.d/.cache/lsp/npm/typescript/lib/node_modules/typescript/lib/lib.dom.iterable.d.ts","/home/xanadu/.emacs.d/.cache/lsp/npm/typescript/lib/node_modules/typescript/lib/lib.webworker.importscripts.d.ts","/home/xanadu/.emacs.d/.cache/lsp/npm/typescript/lib/node_modules/typescript/lib/lib.scripthost.d.ts","/home/xanadu/.emacs.d/.cache/lsp/npm/typescript/lib/node_modules/typescript/lib/lib.es2015.core.d.ts","/home/xanadu/.emacs.d/.cache/lsp/npm/typescript/lib/node_modules/typescript/lib/lib.es2015.collection.d.ts","/home/xanadu/.emacs.d/.cache/lsp/npm/typescript/lib/node_modules/typescript/lib/lib.es2015.generator.d.ts","/home/xanadu/.emacs.d/.cache/lsp/npm/typescript/lib/node_modules/typescript/lib/lib.es2015.iterable.d.ts","/home/xanadu/.emacs.d/.cache/lsp/npm/typescript/lib/node_modules/typescript/lib/lib.es2015.promise.d.ts","/home/xanadu/.emacs.d/.cache/lsp/npm/typescript/lib/node_modules/typescript/lib/lib.es2015.proxy.d.ts","/home/xanadu/.emacs.d/.cache/lsp/npm/typescript/lib/node_modules/typescript/lib/lib.es2015.reflect.d.ts","/home/xanadu/.emacs.d/.cache/lsp/npm/typescript/lib/node_modules/typescript/lib/lib.es2015.symbol.d.ts","/home/xanadu/.emacs.d/.cache/lsp/npm/typescript/lib/node_modules/typescript/lib/lib.es2015.symbol.wellknown.d.ts","/home/xanadu/.emacs.d/.cache/lsp/npm/typescript/lib/node_modules/typescript/lib/lib.es2016.array.include.d.ts","/home/xanadu/.emacs.d/.cache/lsp/npm/typescript/lib/node_modules/typescript/lib/lib.es2016.full.d.ts","/home/xanadu/url-shortner/panel/src/linkcreate/index.js"],"compilerOptions":{"module":1,"target":3,"jsx":1,"allowJs":true,"allowSyntheticDefaultImports":true,"allowNonTsExtensions":true,"noEmitForJsFiles":true,"maxNodeModuleJsDepth":2},"typeAcquisition":{"enable":true,"include":[],"exclude":[]},"unresolvedImports":[],"projectRootPath":"/home/xanadu/url-shortner/panel/src/linkcreate","kind":"discover"}
[18:47:39.606] Explicitly included types: []
[18:47:39.606] Inferred typings from unresolved imports: []
[18:47:39.606] Result: {"cachedTypingPaths":[],"newTypingNames":[],"filesToWatch":["/home/xanadu/url-shortner/panel/src/linkcreate/bower_components","/home/xanadu/url-shortner/panel/src/linkcreate/node_modules"]}
[18:47:39.606] Finished typings discovery: {"cachedTypingPaths":[],"newTypingNames":[],"filesToWatch":["/home/xanadu/url-shortner/panel/src/linkcreate/bower_components","/home/xanadu/url-shortner/panel/src/linkcreate/node_modules"]}
[18:47:39.606] DirectoryWatcher:: Added:: WatchInfo: /home/xanadu/url-shortner/panel/src/linkcreate/bower_components
[18:47:39.606] DirectoryWatcher:: Added:: WatchInfo: /home/xanadu/url-shortner/panel/src/linkcreate/bower_components 1 undefined Project: /dev/null/inferredProject2* watcher already invoked: false
[18:47:39.607] Elapsed:: 0.1230830000131391ms DirectoryWatcher:: Added:: WatchInfo: /home/xanadu/url-shortner/panel/src/linkcreate/bower_components 1 undefined Project: /dev/null/inferredProject2* watcher already invoked: false
[18:47:39.607] DirectoryWatcher:: Added:: WatchInfo: /home/xanadu/url-shortner/panel/src/linkcreate/node_modules
[18:47:39.607] DirectoryWatcher:: Added:: WatchInfo: /home/xanadu/url-shortner/panel/src/linkcreate/node_modules 1 undefined Project: /dev/null/inferredProject2* watcher already invoked: false
[18:47:39.607] Elapsed:: 0.08922299998812377ms DirectoryWatcher:: Added:: WatchInfo: /home/xanadu/url-shortner/panel/src/linkcreate/node_modules 1 undefined Project: /dev/null/inferredProject2* watcher already invoked: false
[18:47:39.607] Sending response:
    {"projectName":"/dev/null/inferredProject2*","typeAcquisition":{"enable":true,"include":[],"exclude":[]},"compilerOptions":{"module":1,"target":3,"jsx":1,"allowJs":true,"allowSyntheticDefaultImports":true,"allowNonTsExtensions":true,"noEmitForJsFiles":true,"maxNodeModuleJsDepth":2},"typings":[],"unresolvedImports":[],"kind":"action::set"}
[18:47:39.607] Response has been sent.
[18:47:39.607] No new typings were requested as a result of typings discovery
[18:47:40.144] Got install request {"projectName":"/dev/null/inferredProject2*","fileNames":["/home/xanadu/.emacs.d/.cache/lsp/npm/typescript/lib/node_modules/typescript/lib/lib.es5.d.ts","/home/xanadu/.emacs.d/.cache/lsp/npm/typescript/lib/node_modules/typescript/lib/lib.es2015.d.ts","/home/xanadu/.emacs.d/.cache/lsp/npm/typescript/lib/node_modules/typescript/lib/lib.es2016.d.ts","/home/xanadu/.emacs.d/.cache/lsp/npm/typescript/lib/node_modules/typescript/lib/lib.dom.d.ts","/home/xanadu/.emacs.d/.cache/lsp/npm/typescript/lib/node_modules/typescript/lib/lib.dom.iterable.d.ts","/home/xanadu/.emacs.d/.cache/lsp/npm/typescript/lib/node_modules/typescript/lib/lib.webworker.importscripts.d.ts","/home/xanadu/.emacs.d/.cache/lsp/npm/typescript/lib/node_modules/typescript/lib/lib.scripthost.d.ts","/home/xanadu/.emacs.d/.cache/lsp/npm/typescript/lib/node_modules/typescript/lib/lib.es2015.core.d.ts","/home/xanadu/.emacs.d/.cache/lsp/npm/typescript/lib/node_modules/typescript/lib/lib.es2015.collection.d.ts","/home/xanadu/.emacs.d/.cache/lsp/npm/typescript/lib/node_modules/typescript/lib/lib.es2015.generator.d.ts","/home/xanadu/.emacs.d/.cache/lsp/npm/typescript/lib/node_modules/typescript/lib/lib.es2015.iterable.d.ts","/home/xanadu/.emacs.d/.cache/lsp/npm/typescript/lib/node_modules/typescript/lib/lib.es2015.promise.d.ts","/home/xanadu/.emacs.d/.cache/lsp/npm/typescript/lib/node_modules/typescript/lib/lib.es2015.proxy.d.ts","/home/xanadu/.emacs.d/.cache/lsp/npm/typescript/lib/node_modules/typescript/lib/lib.es2015.reflect.d.ts","/home/xanadu/.emacs.d/.cache/lsp/npm/typescript/lib/node_modules/typescript/lib/lib.es2015.symbol.d.ts","/home/xanadu/.emacs.d/.cache/lsp/npm/typescript/lib/node_modules/typescript/lib/lib.es2015.symbol.wellknown.d.ts","/home/xanadu/.emacs.d/.cache/lsp/npm/typescript/lib/node_modules/typescript/lib/lib.es2016.array.include.d.ts","/home/xanadu/.emacs.d/.cache/lsp/npm/typescript/lib/node_modules/typescript/lib/lib.es2016.full.d.ts","/home/xanadu/url-shortner/panel/src/linkcreate/index.js"],"compilerOptions":{"module":1,"target":3,"jsx":1,"allowJs":true,"allowSyntheticDefaultImports":true,"allowNonTsExtensions":true,"noEmitForJsFiles":true,"maxNodeModuleJsDepth":2},"typeAcquisition":{"enable":true,"include":[],"exclude":[]},"unresolvedImports":[],"projectRootPath":"/home/xanadu/url-shortner/panel/src/linkcreate","kind":"discover"}
[18:47:40.145] Explicitly included types: []
[18:47:40.145] Inferred typings from unresolved imports: []
[18:47:40.145] Result: {"cachedTypingPaths":[],"newTypingNames":[],"filesToWatch":["/home/xanadu/url-shortner/panel/src/linkcreate/bower_components","/home/xanadu/url-shortner/panel/src/linkcreate/node_modules"]}
[18:47:40.145] Finished typings discovery: {"cachedTypingPaths":[],"newTypingNames":[],"filesToWatch":["/home/xanadu/url-shortner/panel/src/linkcreate/bower_components","/home/xanadu/url-shortner/panel/src/linkcreate/node_modules"]}
[18:47:40.145] Sending response:
    {"projectName":"/dev/null/inferredProject2*","typeAcquisition":{"enable":true,"include":[],"exclude":[]},"compilerOptions":{"module":1,"target":3,"jsx":1,"allowJs":true,"allowSyntheticDefaultImports":true,"allowNonTsExtensions":true,"noEmitForJsFiles":true,"maxNodeModuleJsDepth":2},"typings":[],"unresolvedImports":[],"kind":"action::set"}
[18:47:40.145] Response has been sent.
[18:47:40.145] No new typings were requested as a result of typings discovery
