[14:46:01.384] Global cache location '/home/xanadu/.cache/typescript/4.5', safe file path '/home/xanadu/.emacs.d/.cache/lsp/npm/typescript/lib/node_modules/typescript/lib/typingSafeList.json', types map path /home/xanadu/.emacs.d/.cache/lsp/npm/typescript/lib/node_modules/typescript/lib/typesMap.json
[14:46:01.466] Processing cache location '/home/xanadu/.cache/typescript/4.5'
[14:46:01.467] Trying to find '/home/xanadu/.cache/typescript/4.5/package.json'...
[14:46:01.588] Loaded content of '/home/xanadu/.cache/typescript/4.5/package.json': {"private":true,"dependencies":{"types-registry":"^0.1.578"},"devDependencies":{"@types/history":"^4.7.9","@types/object-assign":"^4.0.30","@types/prop-types":"^15.7.4","@types/qrcode.react":"^1.0.2","@types/react":"^17.0.38","@types/react-router":"^5.1.17","@types/react-router-dom":"^5.3.2"}}
[14:46:01.588] Loaded content of '/home/xanadu/.cache/typescript/4.5/package-lock.json'
[14:46:01.706] Adding entry into typings cache: 'history' => '/home/xanadu/.cache/typescript/4.5/node_modules/@types/history/index.d.ts'
[14:46:01.770] Adding entry into typings cache: 'object-assign' => '/home/xanadu/.cache/typescript/4.5/node_modules/@types/object-assign/index.d.ts'
[14:46:01.885] Adding entry into typings cache: 'prop-types' => '/home/xanadu/.cache/typescript/4.5/node_modules/@types/prop-types/index.d.ts'
[14:46:01.895] Adding entry into typings cache: 'qrcode.react' => '/home/xanadu/.cache/typescript/4.5/node_modules/@types/qrcode.react/index.d.ts'
[14:46:01.901] Adding entry into typings cache: 'react' => '/home/xanadu/.cache/typescript/4.5/node_modules/@types/react/index.d.ts'
[14:46:01.961] Adding entry into typings cache: 'react-router' => '/home/xanadu/.cache/typescript/4.5/node_modules/@types/react-router/index.d.ts'
[14:46:01.979] Adding entry into typings cache: 'react-router-dom' => '/home/xanadu/.cache/typescript/4.5/node_modules/@types/react-router-dom/index.d.ts'
[14:46:01.979] Finished processing cache location '/home/xanadu/.cache/typescript/4.5'
[14:46:01.979] Process id: 1862
[14:46:01.979] NPM location: /usr/bin/npm (explicit '--npmLocation' not  provided)
[14:46:01.979] validateDefaultNpmLocation: false
[14:46:01.980] Npm config file: /home/xanadu/.cache/typescript/4.5/package.json
[14:46:01.980] Updating types-registry npm package...
[14:46:01.980] Exec: /usr/bin/npm install --ignore-scripts types-registry@latest
[14:46:10.798]     Succeeded. stdout:
    
    up to date, audited 11 packages in 9s

found 0 vulnerabilities

[14:46:10.798] Updated types-registry npm package
[14:48:49.196] Got install request {"projectName":"/dev/null/inferredProject1*","fileNames":["/home/xanadu/.emacs.d/.cache/lsp/npm/typescript/lib/node_modules/typescript/lib/lib.es5.d.ts","/home/xanadu/.emacs.d/.cache/lsp/npm/typescript/lib/node_modules/typescript/lib/lib.es2015.d.ts","/home/xanadu/.emacs.d/.cache/lsp/npm/typescript/lib/node_modules/typescript/lib/lib.es2016.d.ts","/home/xanadu/.emacs.d/.cache/lsp/npm/typescript/lib/node_modules/typescript/lib/lib.dom.d.ts","/home/xanadu/.emacs.d/.cache/lsp/npm/typescript/lib/node_modules/typescript/lib/lib.dom.iterable.d.ts","/home/xanadu/.emacs.d/.cache/lsp/npm/typescript/lib/node_modules/typescript/lib/lib.webworker.importscripts.d.ts","/home/xanadu/.emacs.d/.cache/lsp/npm/typescript/lib/node_modules/typescript/lib/lib.scripthost.d.ts","/home/xanadu/.emacs.d/.cache/lsp/npm/typescript/lib/node_modules/typescript/lib/lib.es2015.core.d.ts","/home/xanadu/.emacs.d/.cache/lsp/npm/typescript/lib/node_modules/typescript/lib/lib.es2015.collection.d.ts","/home/xanadu/.emacs.d/.cache/lsp/npm/typescript/lib/node_modules/typescript/lib/lib.es2015.generator.d.ts","/home/xanadu/.emacs.d/.cache/lsp/npm/typescript/lib/node_modules/typescript/lib/lib.es2015.iterable.d.ts","/home/xanadu/.emacs.d/.cache/lsp/npm/typescript/lib/node_modules/typescript/lib/lib.es2015.promise.d.ts","/home/xanadu/.emacs.d/.cache/lsp/npm/typescript/lib/node_modules/typescript/lib/lib.es2015.proxy.d.ts","/home/xanadu/.emacs.d/.cache/lsp/npm/typescript/lib/node_modules/typescript/lib/lib.es2015.reflect.d.ts","/home/xanadu/.emacs.d/.cache/lsp/npm/typescript/lib/node_modules/typescript/lib/lib.es2015.symbol.d.ts","/home/xanadu/.emacs.d/.cache/lsp/npm/typescript/lib/node_modules/typescript/lib/lib.es2015.symbol.wellknown.d.ts","/home/xanadu/.emacs.d/.cache/lsp/npm/typescript/lib/node_modules/typescript/lib/lib.es2016.array.include.d.ts","/home/xanadu/.emacs.d/.cache/lsp/npm/typescript/lib/node_modules/typescript/lib/lib.es2016.full.d.ts","/home/xanadu/url-shortner/panel/src/linkcreate/index.js"],"compilerOptions":{"module":1,"target":3,"jsx":1,"allowJs":true,"allowSyntheticDefaultImports":true,"allowNonTsExtensions":true,"noEmitForJsFiles":true,"maxNodeModuleJsDepth":2},"typeAcquisition":{"enable":true,"include":[],"exclude":[]},"unresolvedImports":[],"projectRootPath":"/home/xanadu/url-shortner/panel/src/linkcreate","kind":"discover"}
[14:48:49.210] Loaded safelist from types map file '/home/xanadu/.emacs.d/.cache/lsp/npm/typescript/lib/node_modules/typescript/lib/typesMap.json'
[14:48:49.210] Explicitly included types: []
[14:48:49.211] Inferred typings from unresolved imports: []
[14:48:49.211] Result: {"cachedTypingPaths":[],"newTypingNames":[],"filesToWatch":["/home/xanadu/url-shortner/panel/src/linkcreate/bower_components","/home/xanadu/url-shortner/panel/src/linkcreate/node_modules"]}
[14:48:49.211] Finished typings discovery: {"cachedTypingPaths":[],"newTypingNames":[],"filesToWatch":["/home/xanadu/url-shortner/panel/src/linkcreate/bower_components","/home/xanadu/url-shortner/panel/src/linkcreate/node_modules"]}
[14:48:49.211] DirectoryWatcher:: Added:: WatchInfo: /home/xanadu/url-shortner/panel/src/linkcreate/bower_components
[14:48:49.212] DirectoryWatcher:: Added:: WatchInfo: /home/xanadu/url-shortner/panel/src/linkcreate/bower_components 1 undefined Project: /dev/null/inferredProject1* watcher already invoked: false
[14:48:49.213] Elapsed:: 1.069071999983862ms DirectoryWatcher:: Added:: WatchInfo: /home/xanadu/url-shortner/panel/src/linkcreate/bower_components 1 undefined Project: /dev/null/inferredProject1* watcher already invoked: false
[14:48:49.213] DirectoryWatcher:: Added:: WatchInfo: /home/xanadu/url-shortner/panel/src/linkcreate/node_modules
[14:48:49.213] DirectoryWatcher:: Added:: WatchInfo: /home/xanadu/url-shortner/panel/src/linkcreate/node_modules 1 undefined Project: /dev/null/inferredProject1* watcher already invoked: false
[14:48:49.213] Elapsed:: 0.08857699995860457ms DirectoryWatcher:: Added:: WatchInfo: /home/xanadu/url-shortner/panel/src/linkcreate/node_modules 1 undefined Project: /dev/null/inferredProject1* watcher already invoked: false
[14:48:49.213] Sending response:
    {"projectName":"/dev/null/inferredProject1*","typeAcquisition":{"enable":true,"include":[],"exclude":[]},"compilerOptions":{"module":1,"target":3,"jsx":1,"allowJs":true,"allowSyntheticDefaultImports":true,"allowNonTsExtensions":true,"noEmitForJsFiles":true,"maxNodeModuleJsDepth":2},"typings":[],"unresolvedImports":[],"kind":"action::set"}
[14:48:49.213] Response has been sent.
[14:48:49.213] No new typings were requested as a result of typings discovery
[15:35:07.076] Got install request {"projectName":"/dev/null/inferredProject2*","fileNames":["/home/xanadu/.emacs.d/.cache/lsp/npm/typescript/lib/node_modules/typescript/lib/lib.es5.d.ts","/home/xanadu/.emacs.d/.cache/lsp/npm/typescript/lib/node_modules/typescript/lib/lib.es2015.d.ts","/home/xanadu/.emacs.d/.cache/lsp/npm/typescript/lib/node_modules/typescript/lib/lib.es2016.d.ts","/home/xanadu/.emacs.d/.cache/lsp/npm/typescript/lib/node_modules/typescript/lib/lib.dom.d.ts","/home/xanadu/.emacs.d/.cache/lsp/npm/typescript/lib/node_modules/typescript/lib/lib.dom.iterable.d.ts","/home/xanadu/.emacs.d/.cache/lsp/npm/typescript/lib/node_modules/typescript/lib/lib.webworker.importscripts.d.ts","/home/xanadu/.emacs.d/.cache/lsp/npm/typescript/lib/node_modules/typescript/lib/lib.scripthost.d.ts","/home/xanadu/.emacs.d/.cache/lsp/npm/typescript/lib/node_modules/typescript/lib/lib.es2015.core.d.ts","/home/xanadu/.emacs.d/.cache/lsp/npm/typescript/lib/node_modules/typescript/lib/lib.es2015.collection.d.ts","/home/xanadu/.emacs.d/.cache/lsp/npm/typescript/lib/node_modules/typescript/lib/lib.es2015.generator.d.ts","/home/xanadu/.emacs.d/.cache/lsp/npm/typescript/lib/node_modules/typescript/lib/lib.es2015.iterable.d.ts","/home/xanadu/.emacs.d/.cache/lsp/npm/typescript/lib/node_modules/typescript/lib/lib.es2015.promise.d.ts","/home/xanadu/.emacs.d/.cache/lsp/npm/typescript/lib/node_modules/typescript/lib/lib.es2015.proxy.d.ts","/home/xanadu/.emacs.d/.cache/lsp/npm/typescript/lib/node_modules/typescript/lib/lib.es2015.reflect.d.ts","/home/xanadu/.emacs.d/.cache/lsp/npm/typescript/lib/node_modules/typescript/lib/lib.es2015.symbol.d.ts","/home/xanadu/.emacs.d/.cache/lsp/npm/typescript/lib/node_modules/typescript/lib/lib.es2015.symbol.wellknown.d.ts","/home/xanadu/.emacs.d/.cache/lsp/npm/typescript/lib/node_modules/typescript/lib/lib.es2016.array.include.d.ts","/home/xanadu/.emacs.d/.cache/lsp/npm/typescript/lib/node_modules/typescript/lib/lib.es2016.full.d.ts","/home/xanadu/url-shortner/panel/src/sidebar/index.js","/home/xanadu/url-shortner/panel/src/Auth/index.js","/home/xanadu/url-shortner/panel/src/Home/index.js","/home/xanadu/url-shortner/panel/src/linkcreate/index.js","/home/xanadu/url-shortner/panel/src/App.js","/home/xanadu/url-shortner/panel/src/navbar/index.js"],"compilerOptions":{"module":1,"target":3,"jsx":1,"allowJs":true,"allowSyntheticDefaultImports":true,"allowNonTsExtensions":true,"noEmitForJsFiles":true,"maxNodeModuleJsDepth":2},"typeAcquisition":{"enable":true,"include":[],"exclude":[]},"unresolvedImports":[],"projectRootPath":"/home/xanadu/url-shortner/panel/src/navbar","kind":"discover"}
[15:35:07.076] Explicitly included types: []
[15:35:07.077] Inferred typings from unresolved imports: []
[15:35:07.077] Result: {"cachedTypingPaths":[],"newTypingNames":[],"filesToWatch":["/home/xanadu/url-shortner/panel/src/sidebar/bower_components","/home/xanadu/url-shortner/panel/src/sidebar/node_modules","/home/xanadu/url-shortner/panel/src/Auth/bower_components","/home/xanadu/url-shortner/panel/src/Auth/node_modules","/home/xanadu/url-shortner/panel/src/Home/bower_components","/home/xanadu/url-shortner/panel/src/Home/node_modules","/home/xanadu/url-shortner/panel/src/linkcreate/bower_components","/home/xanadu/url-shortner/panel/src/linkcreate/node_modules","/home/xanadu/url-shortner/panel/src/bower_components","/home/xanadu/url-shortner/panel/src/node_modules","/home/xanadu/url-shortner/panel/src/navbar/bower_components","/home/xanadu/url-shortner/panel/src/navbar/node_modules"]}
[15:35:07.077] Finished typings discovery: {"cachedTypingPaths":[],"newTypingNames":[],"filesToWatch":["/home/xanadu/url-shortner/panel/src/sidebar/bower_components","/home/xanadu/url-shortner/panel/src/sidebar/node_modules","/home/xanadu/url-shortner/panel/src/Auth/bower_components","/home/xanadu/url-shortner/panel/src/Auth/node_modules","/home/xanadu/url-shortner/panel/src/Home/bower_components","/home/xanadu/url-shortner/panel/src/Home/node_modules","/home/xanadu/url-shortner/panel/src/linkcreate/bower_components","/home/xanadu/url-shortner/panel/src/linkcreate/node_modules","/home/xanadu/url-shortner/panel/src/bower_components","/home/xanadu/url-shortner/panel/src/node_modules","/home/xanadu/url-shortner/panel/src/navbar/bower_components","/home/xanadu/url-shortner/panel/src/navbar/node_modules"]}
[15:35:07.077] DirectoryWatcher:: Added:: WatchInfo: /home/xanadu/url-shortner/panel/src/sidebar/bower_components
[15:35:07.077] DirectoryWatcher:: Added:: WatchInfo: /home/xanadu/url-shortner/panel/src/sidebar/bower_components 1 undefined Project: /dev/null/inferredProject2* watcher already invoked: false
[15:35:07.077] Elapsed:: 0.11866999976336956ms DirectoryWatcher:: Added:: WatchInfo: /home/xanadu/url-shortner/panel/src/sidebar/bower_components 1 undefined Project: /dev/null/inferredProject2* watcher already invoked: false
[15:35:07.077] DirectoryWatcher:: Added:: WatchInfo: /home/xanadu/url-shortner/panel/src/sidebar/node_modules
[15:35:07.077] DirectoryWatcher:: Added:: WatchInfo: /home/xanadu/url-shortner/panel/src/sidebar/node_modules 1 undefined Project: /dev/null/inferredProject2* watcher already invoked: false
[15:35:07.077] Elapsed:: 0.08431100007146597ms DirectoryWatcher:: Added:: WatchInfo: /home/xanadu/url-shortner/panel/src/sidebar/node_modules 1 undefined Project: /dev/null/inferredProject2* watcher already invoked: false
[15:35:07.078] DirectoryWatcher:: Added:: WatchInfo: /home/xanadu/url-shortner/panel/src/Auth/bower_components
[15:35:07.078] DirectoryWatcher:: Added:: WatchInfo: /home/xanadu/url-shortner/panel/src/Auth/bower_components 1 undefined Project: /dev/null/inferredProject2* watcher already invoked: false
[15:35:07.079] Elapsed:: 1.744706999976188ms DirectoryWatcher:: Added:: WatchInfo: /home/xanadu/url-shortner/panel/src/Auth/bower_components 1 undefined Project: /dev/null/inferredProject2* watcher already invoked: false
[15:35:07.079] DirectoryWatcher:: Added:: WatchInfo: /home/xanadu/url-shortner/panel/src/Auth/node_modules
[15:35:07.080] DirectoryWatcher:: Added:: WatchInfo: /home/xanadu/url-shortner/panel/src/Auth/node_modules 1 undefined Project: /dev/null/inferredProject2* watcher already invoked: false
[15:35:07.080] Elapsed:: 0.11290099984034896ms DirectoryWatcher:: Added:: WatchInfo: /home/xanadu/url-shortner/panel/src/Auth/node_modules 1 undefined Project: /dev/null/inferredProject2* watcher already invoked: false
[15:35:07.080] DirectoryWatcher:: Added:: WatchInfo: /home/xanadu/url-shortner/panel/src/Home/bower_components
[15:35:07.080] DirectoryWatcher:: Added:: WatchInfo: /home/xanadu/url-shortner/panel/src/Home/bower_components 1 undefined Project: /dev/null/inferredProject2* watcher already invoked: false
[15:35:07.080] Elapsed:: 0.0736799999140203ms DirectoryWatcher:: Added:: WatchInfo: /home/xanadu/url-shortner/panel/src/Home/bower_components 1 undefined Project: /dev/null/inferredProject2* watcher already invoked: false
[15:35:07.080] DirectoryWatcher:: Added:: WatchInfo: /home/xanadu/url-shortner/panel/src/Home/node_modules
[15:35:07.080] DirectoryWatcher:: Added:: WatchInfo: /home/xanadu/url-shortner/panel/src/Home/node_modules 1 undefined Project: /dev/null/inferredProject2* watcher already invoked: false
[15:35:07.080] Elapsed:: 0.0690099997445941ms DirectoryWatcher:: Added:: WatchInfo: /home/xanadu/url-shortner/panel/src/Home/node_modules 1 undefined Project: /dev/null/inferredProject2* watcher already invoked: false
[15:35:07.080] DirectoryWatcher:: Added:: WatchInfo: /home/xanadu/url-shortner/panel/src/linkcreate/bower_components
[15:35:07.080] DirectoryWatcher:: Added:: WatchInfo: /home/xanadu/url-shortner/panel/src/linkcreate/bower_components 1 undefined Project: /dev/null/inferredProject2* watcher already invoked: false
[15:35:07.080] Elapsed:: 0.0983599997125566ms DirectoryWatcher:: Added:: WatchInfo: /home/xanadu/url-shortner/panel/src/linkcreate/bower_components 1 undefined Project: /dev/null/inferredProject2* watcher already invoked: false
[15:35:07.080] DirectoryWatcher:: Added:: WatchInfo: /home/xanadu/url-shortner/panel/src/linkcreate/node_modules
[15:35:07.080] DirectoryWatcher:: Added:: WatchInfo: /home/xanadu/url-shortner/panel/src/linkcreate/node_modules 1 undefined Project: /dev/null/inferredProject2* watcher already invoked: false
[15:35:07.080] Elapsed:: 0.01512000011280179ms DirectoryWatcher:: Added:: WatchInfo: /home/xanadu/url-shortner/panel/src/linkcreate/node_modules 1 undefined Project: /dev/null/inferredProject2* watcher already invoked: false
[15:35:07.080] DirectoryWatcher:: Added:: WatchInfo: /home/xanadu/url-shortner/panel/src/bower_components
[15:35:07.080] DirectoryWatcher:: Added:: WatchInfo: /home/xanadu/url-shortner/panel/src/bower_components 1 undefined Project: /dev/null/inferredProject2* watcher already invoked: false
[15:35:07.081] Elapsed:: 0.19662100030109286ms DirectoryWatcher:: Added:: WatchInfo: /home/xanadu/url-shortner/panel/src/bower_components 1 undefined Project: /dev/null/inferredProject2* watcher already invoked: false
[15:35:07.081] DirectoryWatcher:: Added:: WatchInfo: /home/xanadu/url-shortner/panel/src/node_modules
[15:35:07.081] DirectoryWatcher:: Added:: WatchInfo: /home/xanadu/url-shortner/panel/src/node_modules 1 undefined Project: /dev/null/inferredProject2* watcher already invoked: false
[15:35:07.081] Elapsed:: 0.08918000012636185ms DirectoryWatcher:: Added:: WatchInfo: /home/xanadu/url-shortner/panel/src/node_modules 1 undefined Project: /dev/null/inferredProject2* watcher already invoked: false
[15:35:07.081] DirectoryWatcher:: Added:: WatchInfo: /home/xanadu/url-shortner/panel/src/navbar/bower_components
[15:35:07.081] DirectoryWatcher:: Added:: WatchInfo: /home/xanadu/url-shortner/panel/src/navbar/bower_components 1 undefined Project: /dev/null/inferredProject2* watcher already invoked: false
[15:35:07.081] Elapsed:: 0.15384100005030632ms DirectoryWatcher:: Added:: WatchInfo: /home/xanadu/url-shortner/panel/src/navbar/bower_components 1 undefined Project: /dev/null/inferredProject2* watcher already invoked: false
[15:35:07.081] DirectoryWatcher:: Added:: WatchInfo: /home/xanadu/url-shortner/panel/src/navbar/node_modules
[15:35:07.081] DirectoryWatcher:: Added:: WatchInfo: /home/xanadu/url-shortner/panel/src/navbar/node_modules 1 undefined Project: /dev/null/inferredProject2* watcher already invoked: false
[15:35:07.082] Elapsed:: 0.3777520000003278ms DirectoryWatcher:: Added:: WatchInfo: /home/xanadu/url-shortner/panel/src/navbar/node_modules 1 undefined Project: /dev/null/inferredProject2* watcher already invoked: false
[15:35:07.082] Sending response:
    {"projectName":"/dev/null/inferredProject2*","typeAcquisition":{"enable":true,"include":[],"exclude":[]},"compilerOptions":{"module":1,"target":3,"jsx":1,"allowJs":true,"allowSyntheticDefaultImports":true,"allowNonTsExtensions":true,"noEmitForJsFiles":true,"maxNodeModuleJsDepth":2},"typings":[],"unresolvedImports":[],"kind":"action::set"}
[15:35:07.082] Response has been sent.
[15:35:07.082] No new typings were requested as a result of typings discovery
[15:35:22.612] Got install request {"projectName":"/dev/null/inferredProject3*","fileNames":["/home/xanadu/.emacs.d/.cache/lsp/npm/typescript/lib/node_modules/typescript/lib/lib.es5.d.ts","/home/xanadu/.emacs.d/.cache/lsp/npm/typescript/lib/node_modules/typescript/lib/lib.es2015.d.ts","/home/xanadu/.emacs.d/.cache/lsp/npm/typescript/lib/node_modules/typescript/lib/lib.es2016.d.ts","/home/xanadu/.emacs.d/.cache/lsp/npm/typescript/lib/node_modules/typescript/lib/lib.dom.d.ts","/home/xanadu/.emacs.d/.cache/lsp/npm/typescript/lib/node_modules/typescript/lib/lib.dom.iterable.d.ts","/home/xanadu/.emacs.d/.cache/lsp/npm/typescript/lib/node_modules/typescript/lib/lib.webworker.importscripts.d.ts","/home/xanadu/.emacs.d/.cache/lsp/npm/typescript/lib/node_modules/typescript/lib/lib.scripthost.d.ts","/home/xanadu/.emacs.d/.cache/lsp/npm/typescript/lib/node_modules/typescript/lib/lib.es2015.core.d.ts","/home/xanadu/.emacs.d/.cache/lsp/npm/typescript/lib/node_modules/typescript/lib/lib.es2015.collection.d.ts","/home/xanadu/.emacs.d/.cache/lsp/npm/typescript/lib/node_modules/typescript/lib/lib.es2015.generator.d.ts","/home/xanadu/.emacs.d/.cache/lsp/npm/typescript/lib/node_modules/typescript/lib/lib.es2015.iterable.d.ts","/home/xanadu/.emacs.d/.cache/lsp/npm/typescript/lib/node_modules/typescript/lib/lib.es2015.promise.d.ts","/home/xanadu/.emacs.d/.cache/lsp/npm/typescript/lib/node_modules/typescript/lib/lib.es2015.proxy.d.ts","/home/xanadu/.emacs.d/.cache/lsp/npm/typescript/lib/node_modules/typescript/lib/lib.es2015.reflect.d.ts","/home/xanadu/.emacs.d/.cache/lsp/npm/typescript/lib/node_modules/typescript/lib/lib.es2015.symbol.d.ts","/home/xanadu/.emacs.d/.cache/lsp/npm/typescript/lib/node_modules/typescript/lib/lib.es2015.symbol.wellknown.d.ts","/home/xanadu/.emacs.d/.cache/lsp/npm/typescript/lib/node_modules/typescript/lib/lib.es2016.array.include.d.ts","/home/xanadu/.emacs.d/.cache/lsp/npm/typescript/lib/node_modules/typescript/lib/lib.es2016.full.d.ts","/home/xanadu/url-shortner/panel/src/linkcreate/index.js"],"compilerOptions":{"module":1,"target":3,"jsx":1,"allowJs":true,"allowSyntheticDefaultImports":true,"allowNonTsExtensions":true,"noEmitForJsFiles":true,"maxNodeModuleJsDepth":2},"typeAcquisition":{"enable":true,"include":[],"exclude":[]},"unresolvedImports":[],"projectRootPath":"/home/xanadu/url-shortner/panel/src/linkcreate","kind":"discover"}
[15:35:22.612] Explicitly included types: []
[15:35:22.612] Inferred typings from unresolved imports: []
[15:35:22.612] Result: {"cachedTypingPaths":[],"newTypingNames":[],"filesToWatch":["/home/xanadu/url-shortner/panel/src/linkcreate/bower_components","/home/xanadu/url-shortner/panel/src/linkcreate/node_modules"]}
[15:35:22.612] Finished typings discovery: {"cachedTypingPaths":[],"newTypingNames":[],"filesToWatch":["/home/xanadu/url-shortner/panel/src/linkcreate/bower_components","/home/xanadu/url-shortner/panel/src/linkcreate/node_modules"]}
[15:35:22.612] DirectoryWatcher:: Added:: WatchInfo: /home/xanadu/url-shortner/panel/src/linkcreate/bower_components
[15:35:22.612] DirectoryWatcher:: Added:: WatchInfo: /home/xanadu/url-shortner/panel/src/linkcreate/bower_components 1 undefined Project: /dev/null/inferredProject3* watcher already invoked: false
[15:35:22.612] Elapsed:: 0.01001999992877245ms DirectoryWatcher:: Added:: WatchInfo: /home/xanadu/url-shortner/panel/src/linkcreate/bower_components 1 undefined Project: /dev/null/inferredProject3* watcher already invoked: false
[15:35:22.612] DirectoryWatcher:: Added:: WatchInfo: /home/xanadu/url-shortner/panel/src/linkcreate/node_modules
[15:35:22.612] DirectoryWatcher:: Added:: WatchInfo: /home/xanadu/url-shortner/panel/src/linkcreate/node_modules 1 undefined Project: /dev/null/inferredProject3* watcher already invoked: false
[15:35:22.612] Elapsed:: 0.005150000099092722ms DirectoryWatcher:: Added:: WatchInfo: /home/xanadu/url-shortner/panel/src/linkcreate/node_modules 1 undefined Project: /dev/null/inferredProject3* watcher already invoked: false
[15:35:22.612] Sending response:
    {"projectName":"/dev/null/inferredProject3*","typeAcquisition":{"enable":true,"include":[],"exclude":[]},"compilerOptions":{"module":1,"target":3,"jsx":1,"allowJs":true,"allowSyntheticDefaultImports":true,"allowNonTsExtensions":true,"noEmitForJsFiles":true,"maxNodeModuleJsDepth":2},"typings":[],"unresolvedImports":[],"kind":"action::set"}
[15:35:22.612] Response has been sent.
[15:35:22.612] No new typings were requested as a result of typings discovery
[15:35:25.650] Got install request {"projectName":"/dev/null/inferredProject2*","fileNames":["/home/xanadu/.emacs.d/.cache/lsp/npm/typescript/lib/node_modules/typescript/lib/lib.es5.d.ts","/home/xanadu/.emacs.d/.cache/lsp/npm/typescript/lib/node_modules/typescript/lib/lib.es2015.d.ts","/home/xanadu/.emacs.d/.cache/lsp/npm/typescript/lib/node_modules/typescript/lib/lib.es2016.d.ts","/home/xanadu/.emacs.d/.cache/lsp/npm/typescript/lib/node_modules/typescript/lib/lib.dom.d.ts","/home/xanadu/.emacs.d/.cache/lsp/npm/typescript/lib/node_modules/typescript/lib/lib.dom.iterable.d.ts","/home/xanadu/.emacs.d/.cache/lsp/npm/typescript/lib/node_modules/typescript/lib/lib.webworker.importscripts.d.ts","/home/xanadu/.emacs.d/.cache/lsp/npm/typescript/lib/node_modules/typescript/lib/lib.scripthost.d.ts","/home/xanadu/.emacs.d/.cache/lsp/npm/typescript/lib/node_modules/typescript/lib/lib.es2015.core.d.ts","/home/xanadu/.emacs.d/.cache/lsp/npm/typescript/lib/node_modules/typescript/lib/lib.es2015.collection.d.ts","/home/xanadu/.emacs.d/.cache/lsp/npm/typescript/lib/node_modules/typescript/lib/lib.es2015.generator.d.ts","/home/xanadu/.emacs.d/.cache/lsp/npm/typescript/lib/node_modules/typescript/lib/lib.es2015.iterable.d.ts","/home/xanadu/.emacs.d/.cache/lsp/npm/typescript/lib/node_modules/typescript/lib/lib.es2015.promise.d.ts","/home/xanadu/.emacs.d/.cache/lsp/npm/typescript/lib/node_modules/typescript/lib/lib.es2015.proxy.d.ts","/home/xanadu/.emacs.d/.cache/lsp/npm/typescript/lib/node_modules/typescript/lib/lib.es2015.reflect.d.ts","/home/xanadu/.emacs.d/.cache/lsp/npm/typescript/lib/node_modules/typescript/lib/lib.es2015.symbol.d.ts","/home/xanadu/.emacs.d/.cache/lsp/npm/typescript/lib/node_modules/typescript/lib/lib.es2015.symbol.wellknown.d.ts","/home/xanadu/.emacs.d/.cache/lsp/npm/typescript/lib/node_modules/typescript/lib/lib.es2016.array.include.d.ts","/home/xanadu/.emacs.d/.cache/lsp/npm/typescript/lib/node_modules/typescript/lib/lib.es2016.full.d.ts","/home/xanadu/url-shortner/panel/src/sidebar/index.js","/home/xanadu/url-shortner/panel/src/Auth/index.js","/home/xanadu/url-shortner/panel/src/Home/index.js","/home/xanadu/url-shortner/panel/src/linkcreate/index.js","/home/xanadu/url-shortner/panel/src/App.js","/home/xanadu/url-shortner/panel/src/navbar/index.js"],"compilerOptions":{"module":1,"target":3,"jsx":1,"allowJs":true,"allowSyntheticDefaultImports":true,"allowNonTsExtensions":true,"noEmitForJsFiles":true,"maxNodeModuleJsDepth":2},"typeAcquisition":{"enable":true,"include":[],"exclude":[]},"unresolvedImports":[],"projectRootPath":"/home/xanadu/url-shortner/panel/src/navbar","kind":"discover"}
[15:35:25.651] Explicitly included types: []
[15:35:25.651] Inferred typings from unresolved imports: []
[15:35:25.651] Result: {"cachedTypingPaths":[],"newTypingNames":[],"filesToWatch":["/home/xanadu/url-shortner/panel/src/sidebar/bower_components","/home/xanadu/url-shortner/panel/src/sidebar/node_modules","/home/xanadu/url-shortner/panel/src/Auth/bower_components","/home/xanadu/url-shortner/panel/src/Auth/node_modules","/home/xanadu/url-shortner/panel/src/Home/bower_components","/home/xanadu/url-shortner/panel/src/Home/node_modules","/home/xanadu/url-shortner/panel/src/linkcreate/bower_components","/home/xanadu/url-shortner/panel/src/linkcreate/node_modules","/home/xanadu/url-shortner/panel/src/bower_components","/home/xanadu/url-shortner/panel/src/node_modules","/home/xanadu/url-shortner/panel/src/navbar/bower_components","/home/xanadu/url-shortner/panel/src/navbar/node_modules"]}
[15:35:25.651] Finished typings discovery: {"cachedTypingPaths":[],"newTypingNames":[],"filesToWatch":["/home/xanadu/url-shortner/panel/src/sidebar/bower_components","/home/xanadu/url-shortner/panel/src/sidebar/node_modules","/home/xanadu/url-shortner/panel/src/Auth/bower_components","/home/xanadu/url-shortner/panel/src/Auth/node_modules","/home/xanadu/url-shortner/panel/src/Home/bower_components","/home/xanadu/url-shortner/panel/src/Home/node_modules","/home/xanadu/url-shortner/panel/src/linkcreate/bower_components","/home/xanadu/url-shortner/panel/src/linkcreate/node_modules","/home/xanadu/url-shortner/panel/src/bower_components","/home/xanadu/url-shortner/panel/src/node_modules","/home/xanadu/url-shortner/panel/src/navbar/bower_components","/home/xanadu/url-shortner/panel/src/navbar/node_modules"]}
[15:35:25.652] Sending response:
    {"projectName":"/dev/null/inferredProject2*","typeAcquisition":{"enable":true,"include":[],"exclude":[]},"compilerOptions":{"module":1,"target":3,"jsx":1,"allowJs":true,"allowSyntheticDefaultImports":true,"allowNonTsExtensions":true,"noEmitForJsFiles":true,"maxNodeModuleJsDepth":2},"typings":[],"unresolvedImports":[],"kind":"action::set"}
[15:35:25.652] Response has been sent.
[15:35:25.652] No new typings were requested as a result of typings discovery
