[13:56:18.822] Global cache location '/home/xanadu/.cache/typescript/4.5', safe file path '/home/xanadu/.emacs.d/.cache/lsp/npm/typescript/lib/node_modules/typescript/lib/typingSafeList.json', types map path /home/xanadu/.emacs.d/.cache/lsp/npm/typescript/lib/node_modules/typescript/lib/typesMap.json
[13:56:18.834] Processing cache location '/home/xanadu/.cache/typescript/4.5'
[13:56:18.834] Trying to find '/home/xanadu/.cache/typescript/4.5/package.json'...
[13:56:18.857] Loaded content of '/home/xanadu/.cache/typescript/4.5/package.json': {"private":true,"dependencies":{"types-registry":"^0.1.574"},"devDependencies":{"@types/history":"^4.7.9","@types/object-assign":"^4.0.30","@types/prop-types":"^15.7.4","@types/react":"^17.0.38","@types/react-router":"^5.1.17","@types/react-router-dom":"^5.3.2"}}
[13:56:18.858] Loaded content of '/home/xanadu/.cache/typescript/4.5/package-lock.json'
[13:56:18.914] Adding entry into typings cache: 'history' => '/home/xanadu/.cache/typescript/4.5/node_modules/@types/history/index.d.ts'
[13:56:18.935] Adding entry into typings cache: 'object-assign' => '/home/xanadu/.cache/typescript/4.5/node_modules/@types/object-assign/index.d.ts'
[13:56:18.950] Adding entry into typings cache: 'prop-types' => '/home/xanadu/.cache/typescript/4.5/node_modules/@types/prop-types/index.d.ts'
[13:56:18.955] Adding entry into typings cache: 'react' => '/home/xanadu/.cache/typescript/4.5/node_modules/@types/react/index.d.ts'
[13:56:18.986] Adding entry into typings cache: 'react-router' => '/home/xanadu/.cache/typescript/4.5/node_modules/@types/react-router/index.d.ts'
[13:56:18.990] Adding entry into typings cache: 'react-router-dom' => '/home/xanadu/.cache/typescript/4.5/node_modules/@types/react-router-dom/index.d.ts'
[13:56:18.990] Finished processing cache location '/home/xanadu/.cache/typescript/4.5'
[13:56:18.991] Process id: 14147
[13:56:18.991] NPM location: /usr/bin/npm (explicit '--npmLocation' not  provided)
[13:56:18.991] validateDefaultNpmLocation: false
[13:56:18.991] Npm config file: /home/xanadu/.cache/typescript/4.5/package.json
[13:56:18.991] Updating types-registry npm package...
[13:56:18.992] Exec: /usr/bin/npm install --ignore-scripts types-registry@latest
[13:56:21.907]     Succeeded. stdout:
    
    up to date, audited 10 packages in 3s

found 0 vulnerabilities

[13:56:21.908] Updated types-registry npm package
[13:56:49.941] Got install request {"projectName":"/dev/null/inferredProject1*","fileNames":["/home/xanadu/.emacs.d/.cache/lsp/npm/typescript/lib/node_modules/typescript/lib/lib.es5.d.ts","/home/xanadu/.emacs.d/.cache/lsp/npm/typescript/lib/node_modules/typescript/lib/lib.es2015.d.ts","/home/xanadu/.emacs.d/.cache/lsp/npm/typescript/lib/node_modules/typescript/lib/lib.es2016.d.ts","/home/xanadu/.emacs.d/.cache/lsp/npm/typescript/lib/node_modules/typescript/lib/lib.dom.d.ts","/home/xanadu/.emacs.d/.cache/lsp/npm/typescript/lib/node_modules/typescript/lib/lib.dom.iterable.d.ts","/home/xanadu/.emacs.d/.cache/lsp/npm/typescript/lib/node_modules/typescript/lib/lib.webworker.importscripts.d.ts","/home/xanadu/.emacs.d/.cache/lsp/npm/typescript/lib/node_modules/typescript/lib/lib.scripthost.d.ts","/home/xanadu/.emacs.d/.cache/lsp/npm/typescript/lib/node_modules/typescript/lib/lib.es2015.core.d.ts","/home/xanadu/.emacs.d/.cache/lsp/npm/typescript/lib/node_modules/typescript/lib/lib.es2015.collection.d.ts","/home/xanadu/.emacs.d/.cache/lsp/npm/typescript/lib/node_modules/typescript/lib/lib.es2015.generator.d.ts","/home/xanadu/.emacs.d/.cache/lsp/npm/typescript/lib/node_modules/typescript/lib/lib.es2015.iterable.d.ts","/home/xanadu/.emacs.d/.cache/lsp/npm/typescript/lib/node_modules/typescript/lib/lib.es2015.promise.d.ts","/home/xanadu/.emacs.d/.cache/lsp/npm/typescript/lib/node_modules/typescript/lib/lib.es2015.proxy.d.ts","/home/xanadu/.emacs.d/.cache/lsp/npm/typescript/lib/node_modules/typescript/lib/lib.es2015.reflect.d.ts","/home/xanadu/.emacs.d/.cache/lsp/npm/typescript/lib/node_modules/typescript/lib/lib.es2015.symbol.d.ts","/home/xanadu/.emacs.d/.cache/lsp/npm/typescript/lib/node_modules/typescript/lib/lib.es2015.symbol.wellknown.d.ts","/home/xanadu/.emacs.d/.cache/lsp/npm/typescript/lib/node_modules/typescript/lib/lib.es2016.array.include.d.ts","/home/xanadu/.emacs.d/.cache/lsp/npm/typescript/lib/node_modules/typescript/lib/lib.es2016.full.d.ts","/home/xanadu/url-shortner/panel/src/linkcreate/index.js"],"compilerOptions":{"module":1,"target":3,"jsx":1,"allowJs":true,"allowSyntheticDefaultImports":true,"allowNonTsExtensions":true,"noEmitForJsFiles":true,"maxNodeModuleJsDepth":2},"typeAcquisition":{"enable":true,"include":[],"exclude":[]},"unresolvedImports":[],"projectRootPath":"/home/xanadu/url-shortner/panel/src/linkcreate","kind":"discover"}
[13:56:49.967] Loaded safelist from types map file '/home/xanadu/.emacs.d/.cache/lsp/npm/typescript/lib/node_modules/typescript/lib/typesMap.json'
[13:56:49.967] Explicitly included types: []
[13:56:49.968] Inferred typings from unresolved imports: []
[13:56:49.968] Result: {"cachedTypingPaths":[],"newTypingNames":[],"filesToWatch":["/home/xanadu/url-shortner/panel/src/linkcreate/bower_components","/home/xanadu/url-shortner/panel/src/linkcreate/node_modules"]}
[13:56:49.968] Finished typings discovery: {"cachedTypingPaths":[],"newTypingNames":[],"filesToWatch":["/home/xanadu/url-shortner/panel/src/linkcreate/bower_components","/home/xanadu/url-shortner/panel/src/linkcreate/node_modules"]}
[13:56:49.968] DirectoryWatcher:: Added:: WatchInfo: /home/xanadu/url-shortner/panel/src/linkcreate/bower_components
[13:56:49.969] DirectoryWatcher:: Added:: WatchInfo: /home/xanadu/url-shortner/panel/src/linkcreate/bower_components 1 undefined Project: /dev/null/inferredProject1* watcher already invoked: false
[13:56:49.973] Elapsed:: 4.596204001456499ms DirectoryWatcher:: Added:: WatchInfo: /home/xanadu/url-shortner/panel/src/linkcreate/bower_components 1 undefined Project: /dev/null/inferredProject1* watcher already invoked: false
[13:56:49.974] DirectoryWatcher:: Added:: WatchInfo: /home/xanadu/url-shortner/panel/src/linkcreate/node_modules
[13:56:49.974] DirectoryWatcher:: Added:: WatchInfo: /home/xanadu/url-shortner/panel/src/linkcreate/node_modules 1 undefined Project: /dev/null/inferredProject1* watcher already invoked: false
[13:56:49.974] Elapsed:: 0.1277809999883175ms DirectoryWatcher:: Added:: WatchInfo: /home/xanadu/url-shortner/panel/src/linkcreate/node_modules 1 undefined Project: /dev/null/inferredProject1* watcher already invoked: false
[13:56:49.974] Sending response:
    {"projectName":"/dev/null/inferredProject1*","typeAcquisition":{"enable":true,"include":[],"exclude":[]},"compilerOptions":{"module":1,"target":3,"jsx":1,"allowJs":true,"allowSyntheticDefaultImports":true,"allowNonTsExtensions":true,"noEmitForJsFiles":true,"maxNodeModuleJsDepth":2},"typings":[],"unresolvedImports":[],"kind":"action::set"}
[13:56:49.974] Response has been sent.
[13:56:49.974] No new typings were requested as a result of typings discovery
[13:56:51.729] Got install request {"projectName":"/dev/null/inferredProject1*","fileNames":["/home/xanadu/.emacs.d/.cache/lsp/npm/typescript/lib/node_modules/typescript/lib/lib.es5.d.ts","/home/xanadu/.emacs.d/.cache/lsp/npm/typescript/lib/node_modules/typescript/lib/lib.es2015.d.ts","/home/xanadu/.emacs.d/.cache/lsp/npm/typescript/lib/node_modules/typescript/lib/lib.es2016.d.ts","/home/xanadu/.emacs.d/.cache/lsp/npm/typescript/lib/node_modules/typescript/lib/lib.dom.d.ts","/home/xanadu/.emacs.d/.cache/lsp/npm/typescript/lib/node_modules/typescript/lib/lib.dom.iterable.d.ts","/home/xanadu/.emacs.d/.cache/lsp/npm/typescript/lib/node_modules/typescript/lib/lib.webworker.importscripts.d.ts","/home/xanadu/.emacs.d/.cache/lsp/npm/typescript/lib/node_modules/typescript/lib/lib.scripthost.d.ts","/home/xanadu/.emacs.d/.cache/lsp/npm/typescript/lib/node_modules/typescript/lib/lib.es2015.core.d.ts","/home/xanadu/.emacs.d/.cache/lsp/npm/typescript/lib/node_modules/typescript/lib/lib.es2015.collection.d.ts","/home/xanadu/.emacs.d/.cache/lsp/npm/typescript/lib/node_modules/typescript/lib/lib.es2015.generator.d.ts","/home/xanadu/.emacs.d/.cache/lsp/npm/typescript/lib/node_modules/typescript/lib/lib.es2015.iterable.d.ts","/home/xanadu/.emacs.d/.cache/lsp/npm/typescript/lib/node_modules/typescript/lib/lib.es2015.promise.d.ts","/home/xanadu/.emacs.d/.cache/lsp/npm/typescript/lib/node_modules/typescript/lib/lib.es2015.proxy.d.ts","/home/xanadu/.emacs.d/.cache/lsp/npm/typescript/lib/node_modules/typescript/lib/lib.es2015.reflect.d.ts","/home/xanadu/.emacs.d/.cache/lsp/npm/typescript/lib/node_modules/typescript/lib/lib.es2015.symbol.d.ts","/home/xanadu/.emacs.d/.cache/lsp/npm/typescript/lib/node_modules/typescript/lib/lib.es2015.symbol.wellknown.d.ts","/home/xanadu/.emacs.d/.cache/lsp/npm/typescript/lib/node_modules/typescript/lib/lib.es2016.array.include.d.ts","/home/xanadu/.emacs.d/.cache/lsp/npm/typescript/lib/node_modules/typescript/lib/lib.es2016.full.d.ts","/home/xanadu/url-shortner/panel/src/linkcreate/index.js"],"compilerOptions":{"module":1,"target":3,"jsx":1,"allowJs":true,"allowSyntheticDefaultImports":true,"allowNonTsExtensions":true,"noEmitForJsFiles":true,"maxNodeModuleJsDepth":2},"typeAcquisition":{"enable":true,"include":[],"exclude":[]},"unresolvedImports":[],"projectRootPath":"/home/xanadu/url-shortner/panel/src/linkcreate","kind":"discover"}
[13:56:51.730] Explicitly included types: []
[13:56:51.730] Inferred typings from unresolved imports: []
[13:56:51.730] Result: {"cachedTypingPaths":[],"newTypingNames":[],"filesToWatch":["/home/xanadu/url-shortner/panel/src/linkcreate/bower_components","/home/xanadu/url-shortner/panel/src/linkcreate/node_modules"]}
[13:56:51.730] Finished typings discovery: {"cachedTypingPaths":[],"newTypingNames":[],"filesToWatch":["/home/xanadu/url-shortner/panel/src/linkcreate/bower_components","/home/xanadu/url-shortner/panel/src/linkcreate/node_modules"]}
[13:56:51.730] Sending response:
    {"projectName":"/dev/null/inferredProject1*","typeAcquisition":{"enable":true,"include":[],"exclude":[]},"compilerOptions":{"module":1,"target":3,"jsx":1,"allowJs":true,"allowSyntheticDefaultImports":true,"allowNonTsExtensions":true,"noEmitForJsFiles":true,"maxNodeModuleJsDepth":2},"typings":[],"unresolvedImports":[],"kind":"action::set"}
[13:56:51.730] Response has been sent.
[13:56:51.730] No new typings were requested as a result of typings discovery
