[11:01:13.666] Global cache location '/home/xanadu/.cache/typescript/4.5', safe file path '/home/xanadu/.emacs.d/.cache/lsp/npm/typescript/lib/node_modules/typescript/lib/typingSafeList.json', types map path /home/xanadu/.emacs.d/.cache/lsp/npm/typescript/lib/node_modules/typescript/lib/typesMap.json
[11:01:13.714] Processing cache location '/home/xanadu/.cache/typescript/4.5'
[11:01:13.714] Trying to find '/home/xanadu/.cache/typescript/4.5/package.json'...
[11:01:13.849] Loaded content of '/home/xanadu/.cache/typescript/4.5/package.json': {"private":true,"dependencies":{"types-registry":"^0.1.574"},"devDependencies":{"@types/history":"^4.7.9","@types/object-assign":"^4.0.30","@types/prop-types":"^15.7.4","@types/react":"^17.0.38","@types/react-router":"^5.1.17","@types/react-router-dom":"^5.3.2"}}
[11:01:13.849] Loaded content of '/home/xanadu/.cache/typescript/4.5/package-lock.json'
[11:01:13.959] Adding entry into typings cache: 'history' => '/home/xanadu/.cache/typescript/4.5/node_modules/@types/history/index.d.ts'
[11:01:13.965] Adding entry into typings cache: 'object-assign' => '/home/xanadu/.cache/typescript/4.5/node_modules/@types/object-assign/index.d.ts'
[11:01:14.021] Adding entry into typings cache: 'prop-types' => '/home/xanadu/.cache/typescript/4.5/node_modules/@types/prop-types/index.d.ts'
[11:01:14.024] Adding entry into typings cache: 'react' => '/home/xanadu/.cache/typescript/4.5/node_modules/@types/react/index.d.ts'
[11:01:14.057] Adding entry into typings cache: 'react-router' => '/home/xanadu/.cache/typescript/4.5/node_modules/@types/react-router/index.d.ts'
[11:01:14.073] Adding entry into typings cache: 'react-router-dom' => '/home/xanadu/.cache/typescript/4.5/node_modules/@types/react-router-dom/index.d.ts'
[11:01:14.074] Finished processing cache location '/home/xanadu/.cache/typescript/4.5'
[11:01:14.075] Process id: 6919
[11:01:14.075] NPM location: /usr/bin/npm (explicit '--npmLocation' not  provided)
[11:01:14.075] validateDefaultNpmLocation: false
[11:01:14.075] Npm config file: /home/xanadu/.cache/typescript/4.5/package.json
[11:01:14.075] Updating types-registry npm package...
[11:01:14.076] Exec: /usr/bin/npm install --ignore-scripts types-registry@latest
[11:01:17.814]     Succeeded. stdout:
    
    up to date, audited 10 packages in 4s

found 0 vulnerabilities

[11:01:17.814] Updated types-registry npm package
[11:01:55.419] Got install request {"projectName":"/dev/null/inferredProject1*","fileNames":["/home/xanadu/.emacs.d/.cache/lsp/npm/typescript/lib/node_modules/typescript/lib/lib.es5.d.ts","/home/xanadu/.emacs.d/.cache/lsp/npm/typescript/lib/node_modules/typescript/lib/lib.es2015.d.ts","/home/xanadu/.emacs.d/.cache/lsp/npm/typescript/lib/node_modules/typescript/lib/lib.es2016.d.ts","/home/xanadu/.emacs.d/.cache/lsp/npm/typescript/lib/node_modules/typescript/lib/lib.dom.d.ts","/home/xanadu/.emacs.d/.cache/lsp/npm/typescript/lib/node_modules/typescript/lib/lib.dom.iterable.d.ts","/home/xanadu/.emacs.d/.cache/lsp/npm/typescript/lib/node_modules/typescript/lib/lib.webworker.importscripts.d.ts","/home/xanadu/.emacs.d/.cache/lsp/npm/typescript/lib/node_modules/typescript/lib/lib.scripthost.d.ts","/home/xanadu/.emacs.d/.cache/lsp/npm/typescript/lib/node_modules/typescript/lib/lib.es2015.core.d.ts","/home/xanadu/.emacs.d/.cache/lsp/npm/typescript/lib/node_modules/typescript/lib/lib.es2015.collection.d.ts","/home/xanadu/.emacs.d/.cache/lsp/npm/typescript/lib/node_modules/typescript/lib/lib.es2015.generator.d.ts","/home/xanadu/.emacs.d/.cache/lsp/npm/typescript/lib/node_modules/typescript/lib/lib.es2015.iterable.d.ts","/home/xanadu/.emacs.d/.cache/lsp/npm/typescript/lib/node_modules/typescript/lib/lib.es2015.promise.d.ts","/home/xanadu/.emacs.d/.cache/lsp/npm/typescript/lib/node_modules/typescript/lib/lib.es2015.proxy.d.ts","/home/xanadu/.emacs.d/.cache/lsp/npm/typescript/lib/node_modules/typescript/lib/lib.es2015.reflect.d.ts","/home/xanadu/.emacs.d/.cache/lsp/npm/typescript/lib/node_modules/typescript/lib/lib.es2015.symbol.d.ts","/home/xanadu/.emacs.d/.cache/lsp/npm/typescript/lib/node_modules/typescript/lib/lib.es2015.symbol.wellknown.d.ts","/home/xanadu/.emacs.d/.cache/lsp/npm/typescript/lib/node_modules/typescript/lib/lib.es2016.array.include.d.ts","/home/xanadu/.emacs.d/.cache/lsp/npm/typescript/lib/node_modules/typescript/lib/lib.es2016.full.d.ts","/home/xanadu/url-shortner/panel/src/linkcreate/index.js"],"compilerOptions":{"module":1,"target":3,"jsx":1,"allowJs":true,"allowSyntheticDefaultImports":true,"allowNonTsExtensions":true,"noEmitForJsFiles":true,"maxNodeModuleJsDepth":2},"typeAcquisition":{"enable":true,"include":[],"exclude":[]},"unresolvedImports":[],"projectRootPath":"/home/xanadu/url-shortner/panel/src/linkcreate","kind":"discover"}
[11:01:55.445] Loaded safelist from types map file '/home/xanadu/.emacs.d/.cache/lsp/npm/typescript/lib/node_modules/typescript/lib/typesMap.json'
[11:01:55.445] Explicitly included types: []
[11:01:55.446] Inferred typings from unresolved imports: []
[11:01:55.446] Result: {"cachedTypingPaths":[],"newTypingNames":[],"filesToWatch":["/home/xanadu/url-shortner/panel/src/linkcreate/bower_components","/home/xanadu/url-shortner/panel/src/linkcreate/node_modules"]}
[11:01:55.446] Finished typings discovery: {"cachedTypingPaths":[],"newTypingNames":[],"filesToWatch":["/home/xanadu/url-shortner/panel/src/linkcreate/bower_components","/home/xanadu/url-shortner/panel/src/linkcreate/node_modules"]}
[11:01:55.447] DirectoryWatcher:: Added:: WatchInfo: /home/xanadu/url-shortner/panel/src/linkcreate/bower_components
[11:01:55.447] DirectoryWatcher:: Added:: WatchInfo: /home/xanadu/url-shortner/panel/src/linkcreate/bower_components 1 undefined Project: /dev/null/inferredProject1* watcher already invoked: false
[11:01:55.450] Elapsed:: 2.5930949999019504ms DirectoryWatcher:: Added:: WatchInfo: /home/xanadu/url-shortner/panel/src/linkcreate/bower_components 1 undefined Project: /dev/null/inferredProject1* watcher already invoked: false
[11:01:55.450] DirectoryWatcher:: Added:: WatchInfo: /home/xanadu/url-shortner/panel/src/linkcreate/node_modules
[11:01:55.450] DirectoryWatcher:: Added:: WatchInfo: /home/xanadu/url-shortner/panel/src/linkcreate/node_modules 1 undefined Project: /dev/null/inferredProject1* watcher already invoked: false
[11:01:55.450] Elapsed:: 0.1157839996740222ms DirectoryWatcher:: Added:: WatchInfo: /home/xanadu/url-shortner/panel/src/linkcreate/node_modules 1 undefined Project: /dev/null/inferredProject1* watcher already invoked: false
[11:01:55.450] Sending response:
    {"projectName":"/dev/null/inferredProject1*","typeAcquisition":{"enable":true,"include":[],"exclude":[]},"compilerOptions":{"module":1,"target":3,"jsx":1,"allowJs":true,"allowSyntheticDefaultImports":true,"allowNonTsExtensions":true,"noEmitForJsFiles":true,"maxNodeModuleJsDepth":2},"typings":[],"unresolvedImports":[],"kind":"action::set"}
[11:01:55.451] Response has been sent.
[11:01:55.451] No new typings were requested as a result of typings discovery
