[10:00:00.241] Global cache location '/home/xanadu/.cache/typescript/4.5', safe file path '/home/xanadu/.emacs.d/.cache/lsp/npm/typescript/lib/node_modules/typescript/lib/typingSafeList.json', types map path /home/xanadu/.emacs.d/.cache/lsp/npm/typescript/lib/node_modules/typescript/lib/typesMap.json
[10:00:00.245] Processing cache location '/home/xanadu/.cache/typescript/4.5'
[10:00:00.245] Trying to find '/home/xanadu/.cache/typescript/4.5/package.json'...
[10:00:00.246] Loaded content of '/home/xanadu/.cache/typescript/4.5/package.json': {"private":true,"dependencies":{"types-registry":"^0.1.574"}}
[10:00:00.246] Loaded content of '/home/xanadu/.cache/typescript/4.5/package-lock.json'
[10:00:00.246] Finished processing cache location '/home/xanadu/.cache/typescript/4.5'
[10:00:00.246] Process id: 7870
[10:00:00.246] NPM location: /usr/bin/npm (explicit '--npmLocation' not  provided)
[10:00:00.246] validateDefaultNpmLocation: false
[10:00:00.246] Npm config file: /home/xanadu/.cache/typescript/4.5/package.json
[10:00:00.247] Updating types-registry npm package...
[10:00:00.247] Exec: /usr/bin/npm install --ignore-scripts types-registry@latest
[10:00:01.048]     Succeeded. stdout:
    
    up to date, audited 2 packages in 656ms

found 0 vulnerabilities

[10:00:01.048] Updated types-registry npm package
[10:00:10.046] Got install request {"projectName":"/dev/null/inferredProject1*","fileNames":["/home/xanadu/.emacs.d/.cache/lsp/npm/typescript/lib/node_modules/typescript/lib/lib.es5.d.ts","/home/xanadu/.emacs.d/.cache/lsp/npm/typescript/lib/node_modules/typescript/lib/lib.es2015.d.ts","/home/xanadu/.emacs.d/.cache/lsp/npm/typescript/lib/node_modules/typescript/lib/lib.es2016.d.ts","/home/xanadu/.emacs.d/.cache/lsp/npm/typescript/lib/node_modules/typescript/lib/lib.dom.d.ts","/home/xanadu/.emacs.d/.cache/lsp/npm/typescript/lib/node_modules/typescript/lib/lib.dom.iterable.d.ts","/home/xanadu/.emacs.d/.cache/lsp/npm/typescript/lib/node_modules/typescript/lib/lib.webworker.importscripts.d.ts","/home/xanadu/.emacs.d/.cache/lsp/npm/typescript/lib/node_modules/typescript/lib/lib.scripthost.d.ts","/home/xanadu/.emacs.d/.cache/lsp/npm/typescript/lib/node_modules/typescript/lib/lib.es2015.core.d.ts","/home/xanadu/.emacs.d/.cache/lsp/npm/typescript/lib/node_modules/typescript/lib/lib.es2015.collection.d.ts","/home/xanadu/.emacs.d/.cache/lsp/npm/typescript/lib/node_modules/typescript/lib/lib.es2015.generator.d.ts","/home/xanadu/.emacs.d/.cache/lsp/npm/typescript/lib/node_modules/typescript/lib/lib.es2015.iterable.d.ts","/home/xanadu/.emacs.d/.cache/lsp/npm/typescript/lib/node_modules/typescript/lib/lib.es2015.promise.d.ts","/home/xanadu/.emacs.d/.cache/lsp/npm/typescript/lib/node_modules/typescript/lib/lib.es2015.proxy.d.ts","/home/xanadu/.emacs.d/.cache/lsp/npm/typescript/lib/node_modules/typescript/lib/lib.es2015.reflect.d.ts","/home/xanadu/.emacs.d/.cache/lsp/npm/typescript/lib/node_modules/typescript/lib/lib.es2015.symbol.d.ts","/home/xanadu/.emacs.d/.cache/lsp/npm/typescript/lib/node_modules/typescript/lib/lib.es2015.symbol.wellknown.d.ts","/home/xanadu/.emacs.d/.cache/lsp/npm/typescript/lib/node_modules/typescript/lib/lib.es2016.array.include.d.ts","/home/xanadu/.emacs.d/.cache/lsp/npm/typescript/lib/node_modules/typescript/lib/lib.es2016.full.d.ts","/home/xanadu/url-shortner/panel/src/navbar/index.js","/home/xanadu/url-shortner/panel/src/sidebar/index.js","/home/xanadu/url-shortner/panel/src/Auth/index.js","/home/xanadu/url-shortner/panel/src/linkcreate/index.js","/home/xanadu/url-shortner/panel/src/App.js","/home/xanadu/url-shortner/panel/src/Home/index.js"],"compilerOptions":{"module":1,"target":3,"jsx":1,"allowJs":true,"allowSyntheticDefaultImports":true,"allowNonTsExtensions":true,"noEmitForJsFiles":true,"maxNodeModuleJsDepth":2},"typeAcquisition":{"enable":true,"include":[],"exclude":[]},"unresolvedImports":["history","object-assign","prop-types","react","react-router","react-router-dom"],"projectRootPath":"/home/xanadu/url-shortner/panel/src/Home","kind":"discover"}
[10:00:10.076] Loaded safelist from types map file '/home/xanadu/.emacs.d/.cache/lsp/npm/typescript/lib/node_modules/typescript/lib/typesMap.json'
[10:00:10.077] Explicitly included types: []
[10:00:10.078] Inferred typings from unresolved imports: ["history","object-assign","prop-types","react","react-router","react-router-dom"]
[10:00:10.078] Result: {"cachedTypingPaths":[],"newTypingNames":["history","object-assign","prop-types","react","react-router","react-router-dom"],"filesToWatch":["/home/xanadu/url-shortner/panel/src/navbar/bower_components","/home/xanadu/url-shortner/panel/src/navbar/node_modules","/home/xanadu/url-shortner/panel/src/sidebar/bower_components","/home/xanadu/url-shortner/panel/src/sidebar/node_modules","/home/xanadu/url-shortner/panel/src/Auth/bower_components","/home/xanadu/url-shortner/panel/src/Auth/node_modules","/home/xanadu/url-shortner/panel/src/linkcreate/bower_components","/home/xanadu/url-shortner/panel/src/linkcreate/node_modules","/home/xanadu/url-shortner/panel/src/bower_components","/home/xanadu/url-shortner/panel/src/node_modules","/home/xanadu/url-shortner/panel/src/Home/bower_components","/home/xanadu/url-shortner/panel/src/Home/node_modules"]}
[10:00:10.079] Finished typings discovery: {"cachedTypingPaths":[],"newTypingNames":["history","object-assign","prop-types","react","react-router","react-router-dom"],"filesToWatch":["/home/xanadu/url-shortner/panel/src/navbar/bower_components","/home/xanadu/url-shortner/panel/src/navbar/node_modules","/home/xanadu/url-shortner/panel/src/sidebar/bower_components","/home/xanadu/url-shortner/panel/src/sidebar/node_modules","/home/xanadu/url-shortner/panel/src/Auth/bower_components","/home/xanadu/url-shortner/panel/src/Auth/node_modules","/home/xanadu/url-shortner/panel/src/linkcreate/bower_components","/home/xanadu/url-shortner/panel/src/linkcreate/node_modules","/home/xanadu/url-shortner/panel/src/bower_components","/home/xanadu/url-shortner/panel/src/node_modules","/home/xanadu/url-shortner/panel/src/Home/bower_components","/home/xanadu/url-shortner/panel/src/Home/node_modules"]}
[10:00:10.079] DirectoryWatcher:: Added:: WatchInfo: /home/xanadu/url-shortner/panel/src/navbar/bower_components
[10:00:10.080] DirectoryWatcher:: Added:: WatchInfo: /home/xanadu/url-shortner/panel/src/navbar/bower_components 1 undefined Project: /dev/null/inferredProject1* watcher already invoked: false
[10:00:10.081] Elapsed:: 1.301303000189364ms DirectoryWatcher:: Added:: WatchInfo: /home/xanadu/url-shortner/panel/src/navbar/bower_components 1 undefined Project: /dev/null/inferredProject1* watcher already invoked: false
[10:00:10.081] DirectoryWatcher:: Added:: WatchInfo: /home/xanadu/url-shortner/panel/src/navbar/node_modules
[10:00:10.081] DirectoryWatcher:: Added:: WatchInfo: /home/xanadu/url-shortner/panel/src/navbar/node_modules 1 undefined Project: /dev/null/inferredProject1* watcher already invoked: false
[10:00:10.081] Elapsed:: 0.10244800057262182ms DirectoryWatcher:: Added:: WatchInfo: /home/xanadu/url-shortner/panel/src/navbar/node_modules 1 undefined Project: /dev/null/inferredProject1* watcher already invoked: false
[10:00:10.081] DirectoryWatcher:: Added:: WatchInfo: /home/xanadu/url-shortner/panel/src/sidebar/bower_components
[10:00:10.082] DirectoryWatcher:: Added:: WatchInfo: /home/xanadu/url-shortner/panel/src/sidebar/bower_components 1 undefined Project: /dev/null/inferredProject1* watcher already invoked: false
[10:00:10.082] Elapsed:: 0.09992900025099516ms DirectoryWatcher:: Added:: WatchInfo: /home/xanadu/url-shortner/panel/src/sidebar/bower_components 1 undefined Project: /dev/null/inferredProject1* watcher already invoked: false
[10:00:10.082] DirectoryWatcher:: Added:: WatchInfo: /home/xanadu/url-shortner/panel/src/sidebar/node_modules
[10:00:10.082] DirectoryWatcher:: Added:: WatchInfo: /home/xanadu/url-shortner/panel/src/sidebar/node_modules 1 undefined Project: /dev/null/inferredProject1* watcher already invoked: false
[10:00:10.082] Elapsed:: 0.08023899979889393ms DirectoryWatcher:: Added:: WatchInfo: /home/xanadu/url-shortner/panel/src/sidebar/node_modules 1 undefined Project: /dev/null/inferredProject1* watcher already invoked: false
[10:00:10.082] DirectoryWatcher:: Added:: WatchInfo: /home/xanadu/url-shortner/panel/src/Auth/bower_components
[10:00:10.082] DirectoryWatcher:: Added:: WatchInfo: /home/xanadu/url-shortner/panel/src/Auth/bower_components 1 undefined Project: /dev/null/inferredProject1* watcher already invoked: false
[10:00:10.083] Elapsed:: 0.8514799997210503ms DirectoryWatcher:: Added:: WatchInfo: /home/xanadu/url-shortner/panel/src/Auth/bower_components 1 undefined Project: /dev/null/inferredProject1* watcher already invoked: false
[10:00:10.083] DirectoryWatcher:: Added:: WatchInfo: /home/xanadu/url-shortner/panel/src/Auth/node_modules
[10:00:10.083] DirectoryWatcher:: Added:: WatchInfo: /home/xanadu/url-shortner/panel/src/Auth/node_modules 1 undefined Project: /dev/null/inferredProject1* watcher already invoked: false
[10:00:10.083] Elapsed:: 0.09812800027430058ms DirectoryWatcher:: Added:: WatchInfo: /home/xanadu/url-shortner/panel/src/Auth/node_modules 1 undefined Project: /dev/null/inferredProject1* watcher already invoked: false
[10:00:10.083] DirectoryWatcher:: Added:: WatchInfo: /home/xanadu/url-shortner/panel/src/linkcreate/bower_components
[10:00:10.083] DirectoryWatcher:: Added:: WatchInfo: /home/xanadu/url-shortner/panel/src/linkcreate/bower_components 1 undefined Project: /dev/null/inferredProject1* watcher already invoked: false
[10:00:10.084] Elapsed:: 0.08096899930387735ms DirectoryWatcher:: Added:: WatchInfo: /home/xanadu/url-shortner/panel/src/linkcreate/bower_components 1 undefined Project: /dev/null/inferredProject1* watcher already invoked: false
[10:00:10.084] DirectoryWatcher:: Added:: WatchInfo: /home/xanadu/url-shortner/panel/src/linkcreate/node_modules
[10:00:10.084] DirectoryWatcher:: Added:: WatchInfo: /home/xanadu/url-shortner/panel/src/linkcreate/node_modules 1 undefined Project: /dev/null/inferredProject1* watcher already invoked: false
[10:00:10.084] Elapsed:: 0.07716900017112494ms DirectoryWatcher:: Added:: WatchInfo: /home/xanadu/url-shortner/panel/src/linkcreate/node_modules 1 undefined Project: /dev/null/inferredProject1* watcher already invoked: false
[10:00:10.084] DirectoryWatcher:: Added:: WatchInfo: /home/xanadu/url-shortner/panel/src/bower_components
[10:00:10.084] DirectoryWatcher:: Added:: WatchInfo: /home/xanadu/url-shortner/panel/src/bower_components 1 undefined Project: /dev/null/inferredProject1* watcher already invoked: false
[10:00:10.084] Elapsed:: 0.16626799944788218ms DirectoryWatcher:: Added:: WatchInfo: /home/xanadu/url-shortner/panel/src/bower_components 1 undefined Project: /dev/null/inferredProject1* watcher already invoked: false
[10:00:10.084] DirectoryWatcher:: Added:: WatchInfo: /home/xanadu/url-shortner/panel/src/node_modules
[10:00:10.084] DirectoryWatcher:: Added:: WatchInfo: /home/xanadu/url-shortner/panel/src/node_modules 1 undefined Project: /dev/null/inferredProject1* watcher already invoked: false
[10:00:10.085] Elapsed:: 0.10358799993991852ms DirectoryWatcher:: Added:: WatchInfo: /home/xanadu/url-shortner/panel/src/node_modules 1 undefined Project: /dev/null/inferredProject1* watcher already invoked: false
[10:00:10.085] DirectoryWatcher:: Added:: WatchInfo: /home/xanadu/url-shortner/panel/src/Home/bower_components
[10:00:10.085] DirectoryWatcher:: Added:: WatchInfo: /home/xanadu/url-shortner/panel/src/Home/bower_components 1 undefined Project: /dev/null/inferredProject1* watcher already invoked: false
[10:00:10.085] Elapsed:: 0.19154699984937906ms DirectoryWatcher:: Added:: WatchInfo: /home/xanadu/url-shortner/panel/src/Home/bower_components 1 undefined Project: /dev/null/inferredProject1* watcher already invoked: false
[10:00:10.085] DirectoryWatcher:: Added:: WatchInfo: /home/xanadu/url-shortner/panel/src/Home/node_modules
[10:00:10.085] DirectoryWatcher:: Added:: WatchInfo: /home/xanadu/url-shortner/panel/src/Home/node_modules 1 undefined Project: /dev/null/inferredProject1* watcher already invoked: false
[10:00:10.085] Elapsed:: 0.08179899957031012ms DirectoryWatcher:: Added:: WatchInfo: /home/xanadu/url-shortner/panel/src/Home/node_modules 1 undefined Project: /dev/null/inferredProject1* watcher already invoked: false
[10:00:10.085] Installing typings ["history","object-assign","prop-types","react","react-router","react-router-dom"]
[10:00:10.086] Npm config file: /home/xanadu/.cache/typescript/4.5/package.json
[10:00:10.086] Sending response:
    {"kind":"event::beginInstallTypes","eventId":1,"typingsInstallerVersion":"4.5.4","projectName":"/dev/null/inferredProject1*"}
[10:00:10.086] Response has been sent.
[10:00:10.086] #1 with arguments'["@types/history@ts4.5","@types/object-assign@ts4.5","@types/prop-types@ts4.5","@types/react@ts4.5","@types/react-router@ts4.5","@types/react-router-dom@ts4.5"]'.
[10:00:10.087] Exec: /usr/bin/npm install --ignore-scripts @types/history@ts4.5 @types/object-assign@ts4.5 @types/prop-types@ts4.5 @types/react@ts4.5 @types/react-router@ts4.5 @types/react-router-dom@ts4.5 --save-dev --user-agent="typesInstaller/4.5.4"
[10:00:13.967]     Succeeded. stdout:
    
    added 8 packages, and audited 10 packages in 4s

found 0 vulnerabilities

[10:00:13.967] npm install #1 took: 3881 ms
[10:00:13.968] Installed typings ["@types/history@ts4.5","@types/object-assign@ts4.5","@types/prop-types@ts4.5","@types/react@ts4.5","@types/react-router@ts4.5","@types/react-router-dom@ts4.5"]
[10:00:13.979] Installed typing files ["/home/xanadu/.cache/typescript/4.5/node_modules/@types/history/index.d.ts","/home/xanadu/.cache/typescript/4.5/node_modules/@types/object-assign/index.d.ts","/home/xanadu/.cache/typescript/4.5/node_modules/@types/prop-types/index.d.ts","/home/xanadu/.cache/typescript/4.5/node_modules/@types/react/index.d.ts","/home/xanadu/.cache/typescript/4.5/node_modules/@types/react-router/index.d.ts","/home/xanadu/.cache/typescript/4.5/node_modules/@types/react-router-dom/index.d.ts"]
[10:00:13.979] Sending response:
    {"projectName":"/dev/null/inferredProject1*","typeAcquisition":{"enable":true,"include":[],"exclude":[]},"compilerOptions":{"module":1,"target":3,"jsx":1,"allowJs":true,"allowSyntheticDefaultImports":true,"allowNonTsExtensions":true,"noEmitForJsFiles":true,"maxNodeModuleJsDepth":2},"typings":["/home/xanadu/.cache/typescript/4.5/node_modules/@types/history/index.d.ts","/home/xanadu/.cache/typescript/4.5/node_modules/@types/object-assign/index.d.ts","/home/xanadu/.cache/typescript/4.5/node_modules/@types/prop-types/index.d.ts","/home/xanadu/.cache/typescript/4.5/node_modules/@types/react/index.d.ts","/home/xanadu/.cache/typescript/4.5/node_modules/@types/react-router/index.d.ts","/home/xanadu/.cache/typescript/4.5/node_modules/@types/react-router-dom/index.d.ts"],"unresolvedImports":["history","object-assign","prop-types","react","react-router","react-router-dom"],"kind":"action::set"}
[10:00:13.980] Response has been sent.
[10:00:13.980] Sending response:
    {"kind":"event::endInstallTypes","eventId":1,"projectName":"/dev/null/inferredProject1*","packagesToInstall":["@types/history@ts4.5","@types/object-assign@ts4.5","@types/prop-types@ts4.5","@types/react@ts4.5","@types/react-router@ts4.5","@types/react-router-dom@ts4.5"],"installSuccess":true,"typingsInstallerVersion":"4.5.4"}
[10:00:13.980] Response has been sent.
[10:00:14.654] Got install request {"projectName":"/dev/null/inferredProject1*","fileNames":["/home/xanadu/.emacs.d/.cache/lsp/npm/typescript/lib/node_modules/typescript/lib/lib.es5.d.ts","/home/xanadu/.emacs.d/.cache/lsp/npm/typescript/lib/node_modules/typescript/lib/lib.es2015.d.ts","/home/xanadu/.emacs.d/.cache/lsp/npm/typescript/lib/node_modules/typescript/lib/lib.es2016.d.ts","/home/xanadu/.emacs.d/.cache/lsp/npm/typescript/lib/node_modules/typescript/lib/lib.dom.d.ts","/home/xanadu/.emacs.d/.cache/lsp/npm/typescript/lib/node_modules/typescript/lib/lib.dom.iterable.d.ts","/home/xanadu/.emacs.d/.cache/lsp/npm/typescript/lib/node_modules/typescript/lib/lib.webworker.importscripts.d.ts","/home/xanadu/.emacs.d/.cache/lsp/npm/typescript/lib/node_modules/typescript/lib/lib.scripthost.d.ts","/home/xanadu/.emacs.d/.cache/lsp/npm/typescript/lib/node_modules/typescript/lib/lib.es2015.core.d.ts","/home/xanadu/.emacs.d/.cache/lsp/npm/typescript/lib/node_modules/typescript/lib/lib.es2015.collection.d.ts","/home/xanadu/.emacs.d/.cache/lsp/npm/typescript/lib/node_modules/typescript/lib/lib.es2015.generator.d.ts","/home/xanadu/.emacs.d/.cache/lsp/npm/typescript/lib/node_modules/typescript/lib/lib.es2015.iterable.d.ts","/home/xanadu/.emacs.d/.cache/lsp/npm/typescript/lib/node_modules/typescript/lib/lib.es2015.promise.d.ts","/home/xanadu/.emacs.d/.cache/lsp/npm/typescript/lib/node_modules/typescript/lib/lib.es2015.proxy.d.ts","/home/xanadu/.emacs.d/.cache/lsp/npm/typescript/lib/node_modules/typescript/lib/lib.es2015.reflect.d.ts","/home/xanadu/.emacs.d/.cache/lsp/npm/typescript/lib/node_modules/typescript/lib/lib.es2015.symbol.d.ts","/home/xanadu/.emacs.d/.cache/lsp/npm/typescript/lib/node_modules/typescript/lib/lib.es2015.symbol.wellknown.d.ts","/home/xanadu/.emacs.d/.cache/lsp/npm/typescript/lib/node_modules/typescript/lib/lib.es2016.array.include.d.ts","/home/xanadu/.emacs.d/.cache/lsp/npm/typescript/lib/node_modules/typescript/lib/lib.es2016.full.d.ts","/home/xanadu/.cache/typescript/4.5/node_modules/@types/react/global.d.ts","/home/xanadu/.cache/typescript/4.5/node_modules/@types/prop-types/index.d.ts","/home/xanadu/.cache/typescript/4.5/node_modules/@types/react/index.d.ts","/home/xanadu/.cache/typescript/4.5/node_modules/@types/history/index.d.ts","/home/xanadu/.cache/typescript/4.5/node_modules/@types/react-router/index.d.ts","/home/xanadu/.cache/typescript/4.5/node_modules/@types/react-router-dom/index.d.ts","/home/xanadu/url-shortner/panel/src/navbar/index.js","/home/xanadu/url-shortner/panel/src/sidebar/index.js","/home/xanadu/url-shortner/panel/src/Auth/index.js","/home/xanadu/url-shortner/panel/src/linkcreate/index.js","/home/xanadu/url-shortner/panel/src/App.js","/home/xanadu/url-shortner/panel/src/Home/index.js","/home/xanadu/.cache/typescript/4.5/node_modules/@types/object-assign/index.d.ts"],"compilerOptions":{"module":1,"target":3,"jsx":1,"allowJs":true,"allowSyntheticDefaultImports":true,"allowNonTsExtensions":true,"noEmitForJsFiles":true,"maxNodeModuleJsDepth":2},"typeAcquisition":{"enable":true,"include":[],"exclude":[]},"unresolvedImports":[],"projectRootPath":"/home/xanadu/url-shortner/panel/src/Home","kind":"discover"}
[10:00:14.654] Explicitly included types: []
[10:00:14.655] Inferred typings from unresolved imports: []
[10:00:14.655] Result: {"cachedTypingPaths":[],"newTypingNames":[],"filesToWatch":["/home/xanadu/url-shortner/panel/src/navbar/bower_components","/home/xanadu/url-shortner/panel/src/navbar/node_modules","/home/xanadu/url-shortner/panel/src/sidebar/bower_components","/home/xanadu/url-shortner/panel/src/sidebar/node_modules","/home/xanadu/url-shortner/panel/src/Auth/bower_components","/home/xanadu/url-shortner/panel/src/Auth/node_modules","/home/xanadu/url-shortner/panel/src/linkcreate/bower_components","/home/xanadu/url-shortner/panel/src/linkcreate/node_modules","/home/xanadu/url-shortner/panel/src/bower_components","/home/xanadu/url-shortner/panel/src/node_modules","/home/xanadu/url-shortner/panel/src/Home/bower_components","/home/xanadu/url-shortner/panel/src/Home/node_modules"]}
[10:00:14.655] Finished typings discovery: {"cachedTypingPaths":[],"newTypingNames":[],"filesToWatch":["/home/xanadu/url-shortner/panel/src/navbar/bower_components","/home/xanadu/url-shortner/panel/src/navbar/node_modules","/home/xanadu/url-shortner/panel/src/sidebar/bower_components","/home/xanadu/url-shortner/panel/src/sidebar/node_modules","/home/xanadu/url-shortner/panel/src/Auth/bower_components","/home/xanadu/url-shortner/panel/src/Auth/node_modules","/home/xanadu/url-shortner/panel/src/linkcreate/bower_components","/home/xanadu/url-shortner/panel/src/linkcreate/node_modules","/home/xanadu/url-shortner/panel/src/bower_components","/home/xanadu/url-shortner/panel/src/node_modules","/home/xanadu/url-shortner/panel/src/Home/bower_components","/home/xanadu/url-shortner/panel/src/Home/node_modules"]}
[10:00:14.656] Sending response:
    {"projectName":"/dev/null/inferredProject1*","typeAcquisition":{"enable":true,"include":[],"exclude":[]},"compilerOptions":{"module":1,"target":3,"jsx":1,"allowJs":true,"allowSyntheticDefaultImports":true,"allowNonTsExtensions":true,"noEmitForJsFiles":true,"maxNodeModuleJsDepth":2},"typings":[],"unresolvedImports":[],"kind":"action::set"}
[10:00:14.656] Response has been sent.
[10:00:14.656] No new typings were requested as a result of typings discovery
[10:00:15.072] Got install request {"projectName":"/dev/null/inferredProject1*","fileNames":["/home/xanadu/.emacs.d/.cache/lsp/npm/typescript/lib/node_modules/typescript/lib/lib.es5.d.ts","/home/xanadu/.emacs.d/.cache/lsp/npm/typescript/lib/node_modules/typescript/lib/lib.es2015.d.ts","/home/xanadu/.emacs.d/.cache/lsp/npm/typescript/lib/node_modules/typescript/lib/lib.es2016.d.ts","/home/xanadu/.emacs.d/.cache/lsp/npm/typescript/lib/node_modules/typescript/lib/lib.dom.d.ts","/home/xanadu/.emacs.d/.cache/lsp/npm/typescript/lib/node_modules/typescript/lib/lib.dom.iterable.d.ts","/home/xanadu/.emacs.d/.cache/lsp/npm/typescript/lib/node_modules/typescript/lib/lib.webworker.importscripts.d.ts","/home/xanadu/.emacs.d/.cache/lsp/npm/typescript/lib/node_modules/typescript/lib/lib.scripthost.d.ts","/home/xanadu/.emacs.d/.cache/lsp/npm/typescript/lib/node_modules/typescript/lib/lib.es2015.core.d.ts","/home/xanadu/.emacs.d/.cache/lsp/npm/typescript/lib/node_modules/typescript/lib/lib.es2015.collection.d.ts","/home/xanadu/.emacs.d/.cache/lsp/npm/typescript/lib/node_modules/typescript/lib/lib.es2015.generator.d.ts","/home/xanadu/.emacs.d/.cache/lsp/npm/typescript/lib/node_modules/typescript/lib/lib.es2015.iterable.d.ts","/home/xanadu/.emacs.d/.cache/lsp/npm/typescript/lib/node_modules/typescript/lib/lib.es2015.promise.d.ts","/home/xanadu/.emacs.d/.cache/lsp/npm/typescript/lib/node_modules/typescript/lib/lib.es2015.proxy.d.ts","/home/xanadu/.emacs.d/.cache/lsp/npm/typescript/lib/node_modules/typescript/lib/lib.es2015.reflect.d.ts","/home/xanadu/.emacs.d/.cache/lsp/npm/typescript/lib/node_modules/typescript/lib/lib.es2015.symbol.d.ts","/home/xanadu/.emacs.d/.cache/lsp/npm/typescript/lib/node_modules/typescript/lib/lib.es2015.symbol.wellknown.d.ts","/home/xanadu/.emacs.d/.cache/lsp/npm/typescript/lib/node_modules/typescript/lib/lib.es2016.array.include.d.ts","/home/xanadu/.emacs.d/.cache/lsp/npm/typescript/lib/node_modules/typescript/lib/lib.es2016.full.d.ts","/home/xanadu/url-shortner/panel/src/navbar/index.js","/home/xanadu/url-shortner/panel/src/sidebar/index.js","/home/xanadu/url-shortner/panel/src/Auth/index.js","/home/xanadu/url-shortner/panel/src/linkcreate/index.js","/home/xanadu/url-shortner/panel/src/App.js","/home/xanadu/url-shortner/panel/src/Home/index.js"],"compilerOptions":{"module":1,"target":3,"jsx":1,"allowJs":true,"allowSyntheticDefaultImports":true,"allowNonTsExtensions":true,"noEmitForJsFiles":true,"maxNodeModuleJsDepth":2},"typeAcquisition":{"enable":true,"include":[],"exclude":[]},"unresolvedImports":[],"projectRootPath":"/home/xanadu/url-shortner/panel/src/Home","kind":"discover"}
[10:00:15.072] Explicitly included types: []
[10:00:15.073] Inferred typings from unresolved imports: []
[10:00:15.073] Result: {"cachedTypingPaths":[],"newTypingNames":[],"filesToWatch":["/home/xanadu/url-shortner/panel/src/navbar/bower_components","/home/xanadu/url-shortner/panel/src/navbar/node_modules","/home/xanadu/url-shortner/panel/src/sidebar/bower_components","/home/xanadu/url-shortner/panel/src/sidebar/node_modules","/home/xanadu/url-shortner/panel/src/Auth/bower_components","/home/xanadu/url-shortner/panel/src/Auth/node_modules","/home/xanadu/url-shortner/panel/src/linkcreate/bower_components","/home/xanadu/url-shortner/panel/src/linkcreate/node_modules","/home/xanadu/url-shortner/panel/src/bower_components","/home/xanadu/url-shortner/panel/src/node_modules","/home/xanadu/url-shortner/panel/src/Home/bower_components","/home/xanadu/url-shortner/panel/src/Home/node_modules"]}
[10:00:15.073] Finished typings discovery: {"cachedTypingPaths":[],"newTypingNames":[],"filesToWatch":["/home/xanadu/url-shortner/panel/src/navbar/bower_components","/home/xanadu/url-shortner/panel/src/navbar/node_modules","/home/xanadu/url-shortner/panel/src/sidebar/bower_components","/home/xanadu/url-shortner/panel/src/sidebar/node_modules","/home/xanadu/url-shortner/panel/src/Auth/bower_components","/home/xanadu/url-shortner/panel/src/Auth/node_modules","/home/xanadu/url-shortner/panel/src/linkcreate/bower_components","/home/xanadu/url-shortner/panel/src/linkcreate/node_modules","/home/xanadu/url-shortner/panel/src/bower_components","/home/xanadu/url-shortner/panel/src/node_modules","/home/xanadu/url-shortner/panel/src/Home/bower_components","/home/xanadu/url-shortner/panel/src/Home/node_modules"]}
[10:00:15.073] Sending response:
    {"projectName":"/dev/null/inferredProject1*","typeAcquisition":{"enable":true,"include":[],"exclude":[]},"compilerOptions":{"module":1,"target":3,"jsx":1,"allowJs":true,"allowSyntheticDefaultImports":true,"allowNonTsExtensions":true,"noEmitForJsFiles":true,"maxNodeModuleJsDepth":2},"typings":[],"unresolvedImports":[],"kind":"action::set"}
[10:00:15.073] Response has been sent.
[10:00:15.074] No new typings were requested as a result of typings discovery
[10:01:58.441] Got install request {"projectName":"/dev/null/inferredProject1*","fileNames":["/home/xanadu/.emacs.d/.cache/lsp/npm/typescript/lib/node_modules/typescript/lib/lib.es5.d.ts","/home/xanadu/.emacs.d/.cache/lsp/npm/typescript/lib/node_modules/typescript/lib/lib.es2015.d.ts","/home/xanadu/.emacs.d/.cache/lsp/npm/typescript/lib/node_modules/typescript/lib/lib.es2016.d.ts","/home/xanadu/.emacs.d/.cache/lsp/npm/typescript/lib/node_modules/typescript/lib/lib.dom.d.ts","/home/xanadu/.emacs.d/.cache/lsp/npm/typescript/lib/node_modules/typescript/lib/lib.dom.iterable.d.ts","/home/xanadu/.emacs.d/.cache/lsp/npm/typescript/lib/node_modules/typescript/lib/lib.webworker.importscripts.d.ts","/home/xanadu/.emacs.d/.cache/lsp/npm/typescript/lib/node_modules/typescript/lib/lib.scripthost.d.ts","/home/xanadu/.emacs.d/.cache/lsp/npm/typescript/lib/node_modules/typescript/lib/lib.es2015.core.d.ts","/home/xanadu/.emacs.d/.cache/lsp/npm/typescript/lib/node_modules/typescript/lib/lib.es2015.collection.d.ts","/home/xanadu/.emacs.d/.cache/lsp/npm/typescript/lib/node_modules/typescript/lib/lib.es2015.generator.d.ts","/home/xanadu/.emacs.d/.cache/lsp/npm/typescript/lib/node_modules/typescript/lib/lib.es2015.iterable.d.ts","/home/xanadu/.emacs.d/.cache/lsp/npm/typescript/lib/node_modules/typescript/lib/lib.es2015.promise.d.ts","/home/xanadu/.emacs.d/.cache/lsp/npm/typescript/lib/node_modules/typescript/lib/lib.es2015.proxy.d.ts","/home/xanadu/.emacs.d/.cache/lsp/npm/typescript/lib/node_modules/typescript/lib/lib.es2015.reflect.d.ts","/home/xanadu/.emacs.d/.cache/lsp/npm/typescript/lib/node_modules/typescript/lib/lib.es2015.symbol.d.ts","/home/xanadu/.emacs.d/.cache/lsp/npm/typescript/lib/node_modules/typescript/lib/lib.es2015.symbol.wellknown.d.ts","/home/xanadu/.emacs.d/.cache/lsp/npm/typescript/lib/node_modules/typescript/lib/lib.es2016.array.include.d.ts","/home/xanadu/.emacs.d/.cache/lsp/npm/typescript/lib/node_modules/typescript/lib/lib.es2016.full.d.ts","/home/xanadu/url-shortner/panel/src/Home/index.js"],"compilerOptions":{"module":1,"target":3,"jsx":1,"allowJs":true,"allowSyntheticDefaultImports":true,"allowNonTsExtensions":true,"noEmitForJsFiles":true,"maxNodeModuleJsDepth":2},"typeAcquisition":{"enable":true,"include":[],"exclude":[]},"unresolvedImports":[],"projectRootPath":"/home/xanadu/url-shortner/panel/src/Home","kind":"discover"}
[10:01:58.441] Explicitly included types: []
[10:01:58.441] Inferred typings from unresolved imports: []
[10:01:58.441] Result: {"cachedTypingPaths":[],"newTypingNames":[],"filesToWatch":["/home/xanadu/url-shortner/panel/src/Home/bower_components","/home/xanadu/url-shortner/panel/src/Home/node_modules"]}
[10:01:58.441] Finished typings discovery: {"cachedTypingPaths":[],"newTypingNames":[],"filesToWatch":["/home/xanadu/url-shortner/panel/src/Home/bower_components","/home/xanadu/url-shortner/panel/src/Home/node_modules"]}
[10:01:58.442] DirectoryWatcher:: Closed:: WatchInfo: /home/xanadu/url-shortner/panel/src/navbar/bower_components
[10:01:58.442] DirectoryWatcher:: Close:: WatchInfo: /home/xanadu/url-shortner/panel/src/navbar/bower_components 1 undefined Project: /dev/null/inferredProject1* watcher already invoked: false
[10:01:58.443] Elapsed:: 0.9750649994239211ms DirectoryWatcher:: Close:: WatchInfo: /home/xanadu/url-shortner/panel/src/navbar/bower_components 1 undefined Project: /dev/null/inferredProject1* watcher already invoked: false
[10:01:58.443] DirectoryWatcher:: Closed:: WatchInfo: /home/xanadu/url-shortner/panel/src/navbar/node_modules
[10:01:58.443] DirectoryWatcher:: Close:: WatchInfo: /home/xanadu/url-shortner/panel/src/navbar/node_modules 1 undefined Project: /dev/null/inferredProject1* watcher already invoked: false
[10:01:58.443] Elapsed:: 0.2483289996162057ms DirectoryWatcher:: Close:: WatchInfo: /home/xanadu/url-shortner/panel/src/navbar/node_modules 1 undefined Project: /dev/null/inferredProject1* watcher already invoked: false
[10:01:58.443] DirectoryWatcher:: Closed:: WatchInfo: /home/xanadu/url-shortner/panel/src/sidebar/bower_components
[10:01:58.443] DirectoryWatcher:: Close:: WatchInfo: /home/xanadu/url-shortner/panel/src/sidebar/bower_components 1 undefined Project: /dev/null/inferredProject1* watcher already invoked: false
[10:01:58.444] Elapsed:: 0.08333900012075901ms DirectoryWatcher:: Close:: WatchInfo: /home/xanadu/url-shortner/panel/src/sidebar/bower_components 1 undefined Project: /dev/null/inferredProject1* watcher already invoked: false
[10:01:58.444] DirectoryWatcher:: Closed:: WatchInfo: /home/xanadu/url-shortner/panel/src/sidebar/node_modules
[10:01:58.444] DirectoryWatcher:: Close:: WatchInfo: /home/xanadu/url-shortner/panel/src/sidebar/node_modules 1 undefined Project: /dev/null/inferredProject1* watcher already invoked: false
[10:01:58.444] Elapsed:: 0.0793889993801713ms DirectoryWatcher:: Close:: WatchInfo: /home/xanadu/url-shortner/panel/src/sidebar/node_modules 1 undefined Project: /dev/null/inferredProject1* watcher already invoked: false
[10:01:58.444] DirectoryWatcher:: Closed:: WatchInfo: /home/xanadu/url-shortner/panel/src/Auth/bower_components
[10:01:58.444] DirectoryWatcher:: Close:: WatchInfo: /home/xanadu/url-shortner/panel/src/Auth/bower_components 1 undefined Project: /dev/null/inferredProject1* watcher already invoked: false
[10:01:58.444] Elapsed:: 0.21772800013422966ms DirectoryWatcher:: Close:: WatchInfo: /home/xanadu/url-shortner/panel/src/Auth/bower_components 1 undefined Project: /dev/null/inferredProject1* watcher already invoked: false
[10:01:58.444] DirectoryWatcher:: Closed:: WatchInfo: /home/xanadu/url-shortner/panel/src/Auth/node_modules
[10:01:58.444] DirectoryWatcher:: Close:: WatchInfo: /home/xanadu/url-shortner/panel/src/Auth/node_modules 1 undefined Project: /dev/null/inferredProject1* watcher already invoked: false
[10:01:58.445] Elapsed:: 0.10587900038808584ms DirectoryWatcher:: Close:: WatchInfo: /home/xanadu/url-shortner/panel/src/Auth/node_modules 1 undefined Project: /dev/null/inferredProject1* watcher already invoked: false
[10:01:58.445] DirectoryWatcher:: Closed:: WatchInfo: /home/xanadu/url-shortner/panel/src/linkcreate/bower_components
[10:01:58.445] DirectoryWatcher:: Close:: WatchInfo: /home/xanadu/url-shortner/panel/src/linkcreate/bower_components 1 undefined Project: /dev/null/inferredProject1* watcher already invoked: false
[10:01:58.445] Elapsed:: 0.09439000021666288ms DirectoryWatcher:: Close:: WatchInfo: /home/xanadu/url-shortner/panel/src/linkcreate/bower_components 1 undefined Project: /dev/null/inferredProject1* watcher already invoked: false
[10:01:58.445] DirectoryWatcher:: Closed:: WatchInfo: /home/xanadu/url-shortner/panel/src/linkcreate/node_modules
[10:01:58.445] DirectoryWatcher:: Close:: WatchInfo: /home/xanadu/url-shortner/panel/src/linkcreate/node_modules 1 undefined Project: /dev/null/inferredProject1* watcher already invoked: false
[10:01:58.445] Elapsed:: 0.0716399997472763ms DirectoryWatcher:: Close:: WatchInfo: /home/xanadu/url-shortner/panel/src/linkcreate/node_modules 1 undefined Project: /dev/null/inferredProject1* watcher already invoked: false
[10:01:58.445] DirectoryWatcher:: Closed:: WatchInfo: /home/xanadu/url-shortner/panel/src/bower_components
[10:01:58.445] DirectoryWatcher:: Close:: WatchInfo: /home/xanadu/url-shortner/panel/src/bower_components 1 undefined Project: /dev/null/inferredProject1* watcher already invoked: false
[10:01:58.445] Elapsed:: 0.19871900044381618ms DirectoryWatcher:: Close:: WatchInfo: /home/xanadu/url-shortner/panel/src/bower_components 1 undefined Project: /dev/null/inferredProject1* watcher already invoked: false
[10:01:58.446] DirectoryWatcher:: Closed:: WatchInfo: /home/xanadu/url-shortner/panel/src/node_modules
[10:01:58.446] DirectoryWatcher:: Close:: WatchInfo: /home/xanadu/url-shortner/panel/src/node_modules 1 undefined Project: /dev/null/inferredProject1* watcher already invoked: false
[10:01:58.446] Elapsed:: 0.10816900059580803ms DirectoryWatcher:: Close:: WatchInfo: /home/xanadu/url-shortner/panel/src/node_modules 1 undefined Project: /dev/null/inferredProject1* watcher already invoked: false
[10:01:58.446] Sending response:
    {"projectName":"/dev/null/inferredProject1*","typeAcquisition":{"enable":true,"include":[],"exclude":[]},"compilerOptions":{"module":1,"target":3,"jsx":1,"allowJs":true,"allowSyntheticDefaultImports":true,"allowNonTsExtensions":true,"noEmitForJsFiles":true,"maxNodeModuleJsDepth":2},"typings":[],"unresolvedImports":[],"kind":"action::set"}
[10:01:58.446] Response has been sent.
[10:01:58.446] No new typings were requested as a result of typings discovery
